0.600,0.0
2.286,0.0
7.200,0.0
6.571,1.0
6.420,1.0
12.249,1.0
12.515,0.0
0.449,0.0
25.794,2.0
30.152,0.0
31.137,2.0
22.683,2.0
27.868,2.0
19.501,1.0
48.393,1.0
52.697,2.0
37.231,2.0
33.479,1.0
30.279,1.0
62.401,2.0
47.415,1.0
3.781,0.0
42.339,6.0
45.687,3.0
37.034,4.0
40.851,3.0
49.282,5.0
82.338,6.0
33.171,7.0
64.036,4.0
82.396,7.0
67.986,3.0
77.292,3.0
100.269,3.0
99.555,6.0
54.285,2.0
86.505,7.0
97.826,4.0
57.837,4.0
68.541,1.0
88.551,4.0
75.154,5.0
98.766,2.0
104.933,7.0
52.182,4.0
72.036,5.0
91.923,3.0
53.174,4.0
67.035,2.0
46.174,3.0
82.365,4.0
38.554,4.0
96.332,7.0
42.891,2.0
66.424,7.0
83.376,2.0
70.954,2.0
82.062,3.0
67.063,4.0
93.994,6.0
49.918,5.0
90.885,8.0
62.368,1.0
47.508,8.0
62.996,7.0
83.140,5.0
56.131,6.0
91.944,9.0
61.354,4.0
96.285,8.0
70.773,7.0
84.972,2.0
95.512,2.0
52.005,7.0
102.721,9.0
65.611,7.0
-2.849,0.0
87.129,6.0
73.115,3.0
108.473,9.0
71.601,6.0
42.660,6.0
54.366,4.0
64.228,6.0
94.434,8.0
106.344,9.0
64.165,7.0
43.027,7.0
88.822,8.0
107.857,7.0
41.099,7.0
88.865,2.0
41.967,8.0
46.842,5.0
117.132,8.0
1.654,0.0
47.403,7.0
99.219,3.0
58.328,8.0
60.633,5.0
95.848,5.0
83.139,3.0
115.464,6.0
-0.198,0.0
108.873,3.0
119.333,7.0
98.426,2.0
0.294,1.0
82.350,4.0
48.567,10.0
110.281,6.0
69.655,8.0
74.350,4.0
56.246,5.0
59.387,2.0
81.915,5.0
65.340,4.0
72.149,8.0
70.030,3.0
110.304,6.0
98.110,4.0
80.698,8.0
111.048,3.0
86.955,9.0
98.377,7.0
88.679,3.0
69.705,7.0
100.186,7.0
86.190,8.0
100.260,2.0
46.041,4.0
110.489,8.0
82.055,3.0
79.409,5.0
56.301,3.0
44.419,8.0
51.622,6.0
82.537,6.0
106.105,5.0
51.966,6.0
122.159,6.0
86.194,4.0
46.291,5.0
69.907,9.0
106.878,5.0
74.203,7.0
121.505,5.0
118.007,5.0
123.380,4.0
85.400,9.0
58.375,5.0
102.299,3.0
95.119,7.0
112.329,7.0
84.666,4.0
48.969,1.0
83.364,6.0
55.162,4.0
50.112,6.0
111.480,3.0
122.586,2.0
116.761,9.0
44.841,8.0
122.202,4.0
77.823,4.0
57.315,3.0
119.573,9.0
53.903,4.0
62.961,3.0
122.400,9.0
87.129,6.0
81.754,6.0
118.012,3.0
98.151,6.0
70.317,4.0
114.030,7.0
122.105,7.0
122.896,2.0
51.895,5.0
70.204,5.0
61.394,8.0
71.243,6.0
66.036,8.0
108.321,3.0
103.155,8.0
92.600,6.0
43.737,8.0
101.735,7.0
51.968,7.0
104.373,8.0
45.107,6.0
102.185,4.0
121.110,6.0
50.429,8.0
79.891,2.0
46.874,7.0
104.705,7.0
56.458,2.0
51.069,2.0
51.650,6.0
47.811,8.0
124.409,2.0
122.368,8.0
106.046,8.0
42.521,9.0
53.041,3.0
106.040,6.0
80.871,6.0
71.003,6.0
62.972,5.0
93.986,6.0
61.123,8.0
56.710,4.0
49.840,5.0
112.691,4.0
89.574,3.0
96.864,7.0
79.745,8.0
102.323,10.0
43.305,9.0
52.431,2.0
88.333,3.0
71.336,3.0
69.648,6.0
68.765,3.0
75.752,8.0
87.893,7.0
125.616,9.0
109.985,8.0
111.063,9.0
45.511,6.0
80.860,7.0
70.300,6.0
118.648,3.0
101.925,6.0
86.081,3.0
98.277,8.0
68.117,4.0
68.798,2.0
102.566,7.0
89.260,5.0
103.339,9.0
68.541,6.0
67.654,6.0
81.387,4.0
73.700,8.0
125.309,5.0
64.432,9.0
59.993,8.0
51.597,3.0
120.184,7.0
70.602,9.0
126.496,3.0
60.928,9.0
82.896,6.0
52.553,2.0
79.030,5.0
45.044,6.0
116.950,2.0
74.793,5.0
110.001,4.0
107.143,8.0
126.760,9.0
66.642,6.0
61.607,4.0
48.810,5.0
96.126,1.0
108.790,8.0
86.985,9.0
86.359,4.0
52.070,6.0
94.280,6.0
56.318,7.0
122.188,7.0
125.654,2.0
106.906,7.0
116.104,6.0
80.506,6.0
92.967,4.0
89.360,1.0
92.824,10.0
45.477,7.0
74.930,2.0
49.713,5.0
126.337,2.0
74.544,6.0
104.925,5.0
93.607,7.0
116.821,9.0
98.680,10.0
115.985,5.0
118.701,7.0
118.990,6.0
92.624,8.0
98.862,2.0
81.663,8.0
56.966,5.0
120.126,4.0
113.468,7.0
111.745,10.0
82.090,3.0
93.794,7.0
122.085,3.0
74.282,9.0
121.863,8.0
105.136,8.0
100.058,6.0
74.717,8.0
3.955,1.0
114.294,5.0
64.688,8.0
3.353,0.0
112.473,3.0
122.331,7.0
101.275,6.0
124.406,7.0
92.977,6.0
53.008,10.0
128.775,5.0
61.451,9.0
100.393,4.0
81.656,5.0
77.240,7.0
110.221,9.0
88.649,2.0
101.285,9.0
89.335,2.0
111.399,9.0
52.068,6.0
70.994,9.0
128.443,3.0
56.116,8.0
72.973,9.0
70.769,8.0
72.898,6.0
103.083,4.0
91.614,9.0
111.458,6.0
89.942,8.0
61.007,7.0
103.101,7.0
89.488,6.0
75.113,6.0
126.737,8.0
125.906,6.0
119.662,3.0
72.696,7.0
115.902,4.0
83.792,5.0
124.875,9.0
99.322,3.0
88.164,6.0
117.115,3.0
126.982,9.0
87.176,5.0
114.155,8.0
106.980,3.0
121.235,7.0
122.214,3.0
56.231,5.0
52.423,10.0
45.543,7.0
89.430,7.0
129.461,7.0
117.306,3.0
92.014,5.0
87.771,8.0
71.397,10.0
103.409,4.0
117.033,5.0
61.333,2.0
-1.482,1.0
89.146,5.0
65.215,5.0
110.470,4.0
68.116,7.0
56.262,8.0
60.520,9.0
68.863,7.0
76.286,7.0
78.729,4.0
127.000,5.0
72.651,4.0
68.824,10.0
114.279,8.0
78.191,8.0
61.491,5.0
83.459,9.0
111.612,8.0
119.140,4.0
98.967,8.0
93.723,3.0
51.015,9.0
91.166,3.0
76.360,6.0
108.347,7.0
92.663,9.0
100.651,5.0
94.891,6.0
126.194,8.0
54.479,9.0
112.786,7.0
69.539,7.0
82.803,8.0
119.140,5.0
129.302,9.0
119.473,4.0
60.029,2.0
110.451,4.0
56.860,2.0
132.478,5.0
113.262,9.0
91.624,4.0
134.507,3.0
95.864,7.0
98.005,2.0
56.665,6.0
97.638,2.0
70.752,4.0
99.631,9.0
107.912,9.0
92.684,10.0
54.197,10.0
101.582,4.0
114.328,4.0
55.297,7.0
-3.145,0.0
85.772,2.0
128.633,10.0
97.751,6.0
83.232,3.0
79.447,9.0
69.490,5.0
118.094,3.0
62.459,9.0
111.956,10.0
85.392,8.0
58.969,6.0
90.983,3.0
108.094,9.0
58.161,6.0
60.114,8.0
56.207,7.0
52.430,3.0
133.964,7.0
57.538,4.0
118.835,7.0
93.345,3.0
58.022,5.0
131.851,11.0
108.003,7.0
129.815,3.0
86.246,10.0
58.962,9.0
95.439,4.0
133.647,9.0
120.334,5.0
86.686,7.0
46.755,7.0
109.837,6.0
94.915,8.0
124.464,2.0
55.504,7.0
98.970,2.0
114.542,2.0
90.314,4.0
51.280,3.0
108.099,7.0
63.686,5.0
123.551,7.0
84.433,10.0
100.761,10.0
136.733,8.0
132.059,5.0
54.361,4.0
106.350,7.0
92.694,7.0
106.470,7.0
129.606,2.0
123.524,7.0
58.975,6.0
102.401,6.0
98.923,8.0
105.884,6.0
76.972,9.0
-3.742,0.0
88.461,9.0
78.045,6.0
122.905,3.0
110.990,5.0
54.241,3.0
-0.329,0.0
70.733,2.0
90.313,8.0
61.913,4.0
132.746,4.0
51.991,2.0
49.766,3.0
118.970,7.0
118.016,8.0
84.268,5.0
72.807,6.0
130.506,3.0
79.750,3.0
109.311,3.0
123.293,3.0
65.618,4.0
93.830,7.0
72.557,4.0
49.419,8.0
72.305,10.0
77.480,6.0
66.285,5.0
128.529,9.0
132.698,4.0
108.546,7.0
135.984,7.0
123.569,5.0
123.356,6.0
59.826,8.0
89.138,6.0
77.428,9.0
136.858,4.0
49.997,7.0
-3.552,1.0
121.757,9.0
130.746,4.0
53.800,7.0
48.359,8.0
133.712,7.0
52.141,10.0
117.246,5.0
82.201,9.0
54.966,8.0
73.029,4.0
115.162,8.0
75.777,5.0
47.399,3.0
106.047,9.0
130.782,3.0
108.412,4.0
129.685,4.0
113.823,7.0
118.289,9.0
98.371,5.0
47.872,7.0
77.569,4.0
121.972,10.0
126.201,4.0
76.834,5.0
132.958,7.0
116.789,10.0
126.369,4.0
134.226,5.0
131.850,5.0
114.714,10.0
74.889,3.0
50.317,9.0
101.118,11.0
95.477,8.0
79.015,3.0
105.775,4.0
104.798,10.0
86.142,8.0
47.068,9.0
100.676,9.0
120.459,5.0
71.427,6.0
110.742,6.0
51.275,4.0
47.131,6.0
119.474,8.0
83.500,5.0
58.726,7.0
135.389,8.0
113.598,7.0
93.108,8.0
67.748,5.0
124.542,6.0
128.171,9.0
108.871,7.0
126.136,10.0
125.635,4.0
54.356,5.0
63.593,7.0
129.505,7.0
104.380,7.0
96.865,9.0
56.564,4.0
105.258,6.0
136.038,7.0
116.490,8.0
132.920,6.0
83.672,6.0
70.732,4.0
97.623,5.0
89.409,7.0
53.190,3.0
123.422,2.0
131.017,6.0
114.850,4.0
130.507,3.0
49.906,7.0
115.170,5.0
47.260,6.0
107.367,9.0
129.542,2.0
128.286,10.0
111.477,9.0
134.323,9.0
125.870,3.0
112.474,4.0
51.740,8.0
68.030,4.0
90.039,5.0
73.754,2.0
79.846,9.0
64.770,7.0
97.654,9.0
76.539,7.0
120.425,8.0
48.632,8.0
96.634,9.0
92.054,9.0
84.633,4.0
122.030,5.0
65.654,7.0
99.374,11.0
83.614,3.0
101.378,8.0
118.339,9.0
82.314,7.0
87.046,4.0
-3.951,1.0
124.468,9.0
73.395,7.0
123.373,4.0
75.652,9.0
84.824,8.0
76.633,4.0
104.623,5.0
110.814,6.0
119.243,4.0
52.542,8.0
112.309,10.0
106.907,9.0
73.890,11.0
49.978,8.0
113.939,4.0
124.539,5.0
64.270,4.0
97.608,6.0
91.934,8.0
138.663,7.0
67.248,8.0
67.640,8.0
60.104,10.0
72.743,6.0
87.456,5.0
86.096,9.0
134.909,8.0
48.812,6.0
99.193,7.0
78.415,5.0
118.334,7.0
67.438,9.0
125.926,4.0
58.629,7.0
130.589,5.0
53.245,2.0
99.532,10.0
119.180,4.0
114.559,3.0
137.931,5.0
121.769,4.0
117.239,6.0
84.942,5.0
101.290,2.0
51.442,5.0
101.786,6.0
120.703,5.0
104.667,10.0
137.084,4.0
76.883,6.0
102.598,5.0
130.205,7.0
80.534,4.0
113.653,6.0
72.044,4.0
69.707,10.0
54.641,6.0
61.356,3.0
119.503,7.0
84.384,8.0
116.539,4.0
98.885,6.0
126.441,2.0
136.375,7.0
3.632,1.0
64.947,8.0
0.765,0.0
134.748,9.0
99.049,8.0
3.802,0.0
95.956,7.0
75.642,4.0
87.038,10.0
57.981,9.0
82.913,4.0
70.973,7.0
65.816,7.0
138.910,7.0
106.823,6.0
59.818,5.0
106.189,7.0
69.419,4.0
89.853,4.0
91.477,8.0
137.491,5.0
83.288,7.0
77.361,6.0
124.368,2.0
133.195,2.0
62.465,9.0
109.828,7.0
68.241,3.0
136.913,10.0
112.508,6.0
121.424,7.0
109.086,5.0
65.120,2.0
68.522,9.0
51.481,6.0
-3.222,0.0
-1.662,0.0
135.311,5.0
120.650,6.0
74.935,9.0
100.581,5.0
62.639,10.0
124.469,9.0
132.830,5.0
77.024,4.0
47.829,8.0
116.066,3.0
85.713,8.0
77.064,6.0
122.516,10.0
85.203,3.0
94.059,3.0
125.596,11.0
89.735,11.0
123.165,5.0
95.585,4.0
70.407,7.0
102.789,4.0
132.146,9.0
108.888,8.0
102.213,5.0
119.951,11.0
87.721,4.0
120.583,6.0
110.245,8.0
54.390,6.0
99.789,4.0
91.632,6.0
100.596,5.0
135.410,8.0
82.854,4.0
59.747,4.0
68.630,3.0
122.056,3.0
75.752,5.0
134.424,10.0
91.730,6.0
63.413,7.0
137.710,6.0
-0.044,1.0
78.297,3.0
109.888,9.0
123.465,7.0
98.919,5.0
75.280,5.0
139.515,6.0
79.323,6.0
75.527,3.0
133.878,8.0
57.891,2.0
70.282,8.0
116.878,3.0
106.723,7.0
50.109,6.0
140.853,8.0
101.202,6.0
141.374,10.0
75.353,10.0
138.138,7.0
109.910,6.0
81.289,11.0
67.743,10.0
52.013,6.0
3.356,0.0
136.407,9.0
65.998,2.0
118.680,7.0
126.867,10.0
55.392,6.0
97.405,8.0
52.779,3.0
69.196,9.0
69.704,10.0
76.105,7.0
92.768,6.0
64.469,5.0
68.117,3.0
93.426,9.0
73.384,4.0
73.249,11.0
140.920,3.0
104.408,6.0
106.091,9.0
90.912,10.0
84.135,5.0
101.265,3.0
95.664,4.0
53.968,9.0
80.977,6.0
62.339,9.0
57.923,10.0
122.614,6.0
60.591,6.0
65.381,9.0
141.823,3.0
84.185,5.0
91.687,3.0
117.208,7.0
75.828,9.0
76.199,3.0
91.246,6.0
77.836,3.0
55.496,3.0
74.680,3.0
121.173,3.0
74.777,5.0
55.231,5.0
132.560,10.0
119.858,7.0
70.389,5.0
87.458,5.0
134.685,10.0
78.908,2.0
76.707,4.0
77.317,6.0
50.777,5.0
101.641,6.0
66.120,4.0
122.550,8.0
97.391,10.0
49.058,9.0
79.335,11.0
114.493,5.0
105.478,3.0
109.954,5.0
66.681,3.0
111.017,11.0
57.053,10.0
69.924,6.0
123.058,10.0
95.661,3.0
132.857,10.0
105.203,4.0
66.095,4.0
107.514,8.0
113.598,2.0
64.277,10.0
50.813,4.0
65.491,3.0
84.512,2.0
112.989,4.0
77.534,4.0
65.549,11.0
95.568,7.0
89.354,6.0
89.019,5.0
67.723,3.0
126.789,3.0
109.584,3.0
121.651,10.0
68.578,11.0
125.309,8.0
137.970,4.0
94.387,4.0
71.436,4.0
113.142,4.0
107.791,4.0
94.248,5.0
123.647,11.0
56.755,7.0
54.004,8.0
74.787,6.0
107.031,10.0
68.120,7.0
127.267,3.0
58.884,6.0
53.944,5.0
97.416,5.0
-1.075,0.0
63.918,3.0
70.955,6.0
127.125,2.0
133.603,11.0
112.190,8.0
110.324,10.0
51.706,4.0
96.052,10.0
49.318,9.0
140.689,5.0
58.761,2.0
113.209,11.0
54.508,8.0
66.644,3.0
90.067,7.0
123.257,3.0
63.778,3.0
65.885,3.0
66.717,7.0
67.074,10.0
140.962,6.0
123.201,5.0
87.121,7.0
59.588,7.0
66.120,6.0
60.112,11.0
128.852,7.0
93.291,5.0
76.904,3.0
69.881,2.0
78.619,11.0
80.838,9.0
93.264,3.0
74.196,4.0
139.438,7.0
95.897,3.0
73.972,10.0
126.451,7.0
2.353,1.0
55.016,4.0
130.684,8.0
58.973,2.0
105.515,7.0
131.828,10.0
132.937,11.0
132.928,5.0
83.925,9.0
109.302,9.0
128.768,8.0
92.876,5.0
52.201,10.0
137.640,3.0
96.869,3.0
62.604,5.0
90.682,5.0
62.775,11.0
69.132,9.0
109.495,4.0
59.278,8.0
118.258,7.0
91.104,7.0
60.616,2.0
107.126,11.0
99.944,4.0
80.512,7.0
115.618,5.0
103.339,2.0
61.999,3.0
101.837,9.0
108.824,4.0
71.001,6.0
65.840,8.0
58.902,3.0
84.079,4.0
68.510,10.0
67.085,6.0
122.845,9.0
76.325,4.0
104.373,2.0
71.024,2.0
139.970,8.0
143.964,9.0
60.601,6.0
120.937,7.0
96.878,3.0
78.190,10.0
69.541,7.0
78.975,5.0
137.316,6.0
105.741,2.0
71.189,8.0
73.095,5.0
76.779,4.0
120.734,9.0
141.020,6.0
67.016,4.0
138.712,6.0
61.373,8.0
136.694,8.0
52.690,8.0
49.288,6.0
90.870,10.0
109.231,8.0
54.248,2.0
135.264,7.0
63.449,7.0
84.814,7.0
140.078,11.0
97.158,6.0
52.486,10.0
120.379,9.0
125.646,8.0
85.887,9.0
90.082,6.0
128.245,2.0
70.263,9.0
113.211,3.0
102.433,10.0
68.726,9.0
135.665,4.0
127.030,8.0
112.856,9.0
114.237,5.0
144.180,10.0
86.150,7.0
87.425,9.0
3.926,0.0
140.132,8.0
111.459,2.0
127.244,9.0
137.073,8.0
112.024,7.0
97.381,10.0
51.304,9.0
112.824,4.0
98.973,5.0
77.583,4.0
72.257,11.0
71.901,8.0
114.214,10.0
52.299,5.0
81.704,7.0
131.293,4.0
85.989,4.0
53.970,6.0
106.116,7.0
89.227,11.0
78.246,9.0
130.500,9.0
58.569,3.0
100.201,8.0
114.018,4.0
120.533,5.0
52.156,9.0
75.813,11.0
81.813,8.0
122.103,7.0
145.169,9.0
64.065,10.0
49.865,6.0
66.984,4.0
146.548,10.0
86.088,9.0
58.588,11.0
57.302,5.0
87.935,11.0
99.867,8.0
68.308,4.0
96.404,3.0
99.489,10.0
135.650,6.0
134.970,2.0
131.211,5.0
139.195,9.0
96.566,4.0
51.954,10.0
104.287,4.0
144.957,7.0
79.516,4.0
101.743,9.0
93.558,5.0
130.124,10.0
137.578,9.0
50.169,7.0
133.842,6.0
58.681,10.0
89.728,4.0
86.910,4.0
-2.199,0.0
79.365,10.0
60.935,8.0
54.288,5.0
111.013,3.0
131.303,10.0
98.746,7.0
88.072,5.0
129.082,3.0
111.681,8.0
79.902,4.0
111.024,7.0
64.582,3.0
110.643,5.0
56.564,10.0
52.538,12.0
55.553,7.0
122.007,5.0
107.460,3.0
59.587,7.0
122.811,4.0
74.810,10.0
126.980,7.0
70.024,4.0
91.877,4.0
99.293,8.0
73.382,4.0
68.280,7.0
1.233,0.0
106.055,7.0
142.791,8.0
78.992,2.0
109.696,9.0
0.629,0.0
92.339,6.0
133.430,3.0
59.971,10.0
72.751,6.0
102.074,9.0
69.787,2.0
144.317,4.0
121.425,3.0
68.931,10.0
52.982,8.0
65.638,5.0
108.911,7.0
78.121,9.0
121.898,4.0
146.115,4.0
111.542,5.0
145.281,9.0
114.999,11.0
53.676,4.0
67.516,10.0
133.488,11.0
104.268,10.0
56.017,9.0
86.442,6.0
65.138,8.0
52.777,11.0
104.213,9.0
124.649,3.0
0.057,1.0
95.731,11.0
53.505,7.0
97.195,7.0
93.972,5.0
127.362,3.0
56.017,9.0
109.428,10.0
90.109,2.0
127.970,6.0
73.558,4.0
74.704,8.0
108.561,6.0
104.377,7.0
109.371,8.0
120.689,11.0
144.920,8.0
53.417,8.0
127.016,5.0
124.035,7.0
98.149,4.0
98.900,5.0
90.357,5.0
140.205,10.0
55.925,10.0
88.471,3.0
105.888,7.0
111.047,5.0
84.320,7.0
68.719,10.0
86.796,12.0
91.010,8.0
53.402,5.0
56.746,4.0
129.115,7.0
117.411,7.0
140.735,9.0
136.324,9.0
65.515,7.0
62.946,9.0
146.600,8.0
132.632,8.0
93.112,5.0
126.382,8.0
97.343,9.0
50.199,7.0
103.913,8.0
78.336,4.0
113.106,11.0
90.870,5.0
108.349,6.0
86.347,5.0
78.241,10.0
98.841,11.0
141.190,6.0
103.133,4.0
86.592,12.0
109.292,8.0
136.384,4.0
130.729,7.0
79.840,5.0
127.380,4.0
142.650,11.0
108.081,4.0
130.039,7.0
70.288,4.0
105.594,9.0
141.413,9.0
122.398,8.0
0.185,0.0
64.307,5.0
128.186,7.0
145.737,8.0
106.387,11.0
73.671,3.0
135.790,7.0
134.610,5.0
125.607,3.0
66.392,10.0
-0.058,1.0
64.741,7.0
111.908,4.0
88.946,5.0
129.111,9.0
85.212,3.0
49.999,8.0
55.493,7.0
55.554,11.0
73.139,8.0
128.844,6.0
139.007,11.0
120.536,6.0
80.282,6.0
74.624,9.0
110.721,5.0
64.426,11.0
58.876,4.0
92.236,6.0
139.962,8.0
89.038,5.0
53.013,11.0
91.323,8.0
116.621,5.0
92.522,4.0
63.389,4.0
119.440,5.0
132.448,8.0
97.769,4.0
63.443,6.0
62.869,6.0
88.187,11.0
63.141,7.0
57.990,12.0
109.101,3.0
120.164,7.0
55.143,4.0
69.067,10.0
147.682,8.0
94.833,10.0
68.867,10.0
139.207,5.0
105.410,5.0
59.868,7.0
89.007,7.0
99.980,12.0
122.311,3.0
106.493,2.0
56.913,7.0
126.595,9.0
122.064,10.0
64.079,8.0
145.555,5.0
124.569,6.0
130.271,10.0
144.088,12.0
64.187,11.0
144.197,9.0
92.107,10.0
112.862,5.0
56.179,4.0
116.045,5.0
139.177,11.0
104.856,7.0
72.289,7.0
54.936,10.0
147.164,12.0
104.696,5.0
125.482,2.0
85.949,9.0
124.260,11.0
60.619,5.0
111.332,5.0
148.844,3.0
78.572,2.0
96.551,6.0
133.748,5.0
86.664,8.0
83.246,7.0
101.055,10.0
78.293,9.0
99.088,6.0
67.464,10.0
51.777,12.0
0.475,0.0
112.629,5.0
84.265,4.0
58.263,12.0
86.197,10.0
114.497,11.0
116.476,8.0
138.228,8.0
93.912,3.0
96.860,12.0
52.953,3.0
102.341,4.0
55.136,4.0
82.578,6.0
53.115,9.0
116.237,8.0
55.606,6.0
131.051,9.0
-0.966,0.0
117.818,2.0
-0.566,0.0
58.156,10.0
93.468,10.0
91.595,10.0
62.056,10.0
91.738,3.0
53.130,9.0
147.806,10.0
61.492,9.0
89.345,5.0
111.693,9.0
58.063,10.0
113.206,7.0
94.261,12.0
106.889,12.0
88.070,7.0
58.977,9.0
130.661,5.0
56.714,6.0
98.495,7.0
98.614,10.0
97.605,5.0
127.767,5.0
56.035,9.0
62.469,7.0
107.459,9.0
100.100,6.0
57.691,4.0
62.019,9.0
134.184,5.0
89.748,7.0
149.191,11.0
146.425,9.0
103.850,4.0
126.430,8.0
65.597,3.0
140.706,9.0
63.130,8.0
101.513,8.0
137.372,2.0
83.802,8.0
62.440,7.0
74.818,7.0
68.371,3.0
81.468,7.0
66.705,7.0
53.913,6.0
125.423,7.0
66.763,4.0
88.638,11.0
70.740,9.0
82.690,5.0
123.948,5.0
109.631,8.0
65.112,6.0
149.918,6.0
101.996,10.0
79.557,6.0
74.530,5.0
106.684,7.0
114.022,9.0
132.102,10.0
81.009,4.0
57.814,8.0
116.149,10.0
153.805,6.0
117.442,10.0
110.239,2.0
92.867,10.0
107.333,5.0
101.811,6.0
137.599,5.0
132.761,4.0
110.608,11.0
148.215,2.0
151.892,3.0
144.014,5.0
57.434,11.0
128.413,5.0
106.690,7.0
153.570,5.0
104.061,4.0
121.680,4.0
126.448,11.0
55.480,9.0
110.431,4.0
120.867,7.0
141.742,8.0
65.832,3.0
64.455,10.0
62.783,5.0
144.684,5.0
0.711,1.0
99.840,11.0
78.905,8.0
78.843,10.0
115.831,6.0
143.812,3.0
131.810,3.0
85.497,5.0
120.563,8.0
67.609,4.0
90.680,4.0
95.732,10.0
121.263,10.0
119.348,9.0
95.844,9.0
66.185,8.0
120.417,10.0
152.948,4.0
118.278,5.0
91.185,5.0
153.055,5.0
149.717,9.0
76.474,6.0
113.631,2.0
79.029,12.0
86.117,2.0
77.927,5.0
149.382,13.0
100.214,8.0
99.332,4.0
80.892,6.0
124.088,3.0
145.655,2.0
112.013,7.0
99.219,4.0
-3.000,1.0
69.756,6.0
77.146,7.0
129.937,11.0
54.957,9.0
142.419,12.0
120.295,4.0
55.238,10.0
153.402,7.0
77.113,3.0
62.338,5.0
125.172,13.0
81.077,7.0
63.131,5.0
62.346,6.0
124.004,10.0
59.678,7.0
99.661,11.0
72.250,8.0
141.567,4.0
2.391,0.0
100.034,4.0
91.845,3.0
120.250,7.0
57.011,7.0
145.022,10.0
111.908,6.0
74.956,8.0
94.211,9.0
153.187,3.0
139.344,9.0
94.793,8.0
73.544,4.0
147.612,3.0
70.621,7.0
70.454,9.0
57.229,7.0
137.821,10.0
113.152,4.0
102.012,4.0
153.806,5.0
109.939,6.0
116.293,8.0
120.933,4.0
76.078,3.0
143.553,8.0
147.687,5.0
-0.002,0.0
83.468,9.0
153.260,9.0
109.358,6.0
135.914,9.0
145.051,4.0
74.448,3.0
82.028,6.0
100.548,6.0
96.326,11.0
102.765,3.0
142.917,8.0
99.945,3.0
146.374,9.0
93.663,12.0
118.190,5.0
117.034,11.0
102.171,12.0
122.956,7.0
81.579,5.0
104.609,5.0
81.811,8.0
120.909,8.0
140.053,11.0
137.196,3.0
111.959,6.0
122.840,10.0
152.788,10.0
99.050,7.0
149.701,11.0
128.555,12.0
91.834,6.0
155.860,6.0
149.540,4.0
102.296,11.0
151.593,2.0
57.432,8.0
114.099,11.0
87.277,6.0
107.142,9.0
96.732,9.0
92.418,8.0
88.217,3.0
124.467,6.0
159.820,8.0
98.668,11.0
79.414,3.0
146.058,5.0
87.854,6.0
99.579,12.0
148.502,2.0
83.698,8.0
101.524,7.0
98.150,4.0
68.821,6.0
90.563,5.0
57.660,12.0
88.768,10.0
121.921,9.0
1.015,0.0
134.298,7.0
108.710,9.0
82.951,8.0
125.317,11.0
90.617,10.0
58.094,5.0
81.934,8.0
146.757,10.0
65.735,12.0
97.802,3.0
117.539,11.0
82.031,7.0
56.797,10.0
156.725,8.0
100.836,10.0
159.789,10.0
103.036,12.0
91.630,3.0
137.932,7.0
151.670,9.0
154.746,11.0
139.376,3.0
129.319,12.0
86.226,5.0
116.938,5.0
150.273,13.0
148.719,9.0
97.615,7.0
57.069,3.0
142.530,12.0
62.472,10.0
96.810,5.0
58.173,8.0
137.247,3.0
155.267,9.0
150.011,4.0
133.263,4.0
56.332,12.0
104.663,8.0
139.979,7.0
90.691,11.0
95.375,11.0
81.766,3.0
139.151,8.0
61.662,5.0
77.430,6.0
124.829,9.0
92.295,3.0
146.988,7.0
161.850,11.0
96.031,10.0
109.970,9.0
85.228,8.0
80.978,10.0
58.570,7.0
127.399,7.0
156.727,8.0
159.578,4.0
96.646,10.0
85.990,10.0
149.178,7.0
162.924,4.0
133.057,8.0
147.370,6.0
88.251,9.0
76.293,12.0
157.817,4.0
151.081,10.0
86.103,4.0
70.582,8.0
143.240,3.0
106.010,10.0
101.095,7.0
82.671,10.0
128.336,6.0
112.814,7.0
62.019,9.0
139.668,8.0
64.922,5.0
59.019,6.0
98.067,12.0
60.738,5.0
116.754,12.0
142.187,8.0
141.534,13.0
134.222,10.0
128.043,10.0
112.577,10.0
158.944,5.0
164.233,5.0
148.401,2.0
73.707,4.0
61.173,10.0
78.450,7.0
110.635,8.0
87.634,8.0
88.680,12.0
119.594,11.0
130.105,10.0
114.186,10.0
89.867,4.0
67.487,8.0
91.404,7.0
56.915,4.0
70.470,10.0
94.050,5.0
93.690,5.0
69.142,12.0
144.332,9.0
119.618,7.0
87.926,2.0
79.054,6.0
122.783,4.0
62.529,6.0
94.831,10.0
126.541,6.0
-3.746,1.0
146.985,10.0
103.305,9.0
95.357,10.0
-3.271,1.0
138.029,8.0
65.336,6.0
155.284,12.0
148.190,6.0
66.021,8.0
130.883,3.0
109.145,11.0
127.252,11.0
88.370,6.0
102.247,4.0
135.441,7.0
118.405,8.0
163.945,10.0
114.909,8.0
61.506,8.0
166.963,9.0
101.889,10.0
165.860,3.0
128.817,12.0
138.014,10.0
76.181,9.0
79.152,5.0
59.540,7.0
103.277,11.0
159.732,11.0
154.373,11.0
95.889,10.0
91.886,9.0
93.975,7.0
112.149,7.0
158.342,4.0
104.304,12.0
131.803,4.0
-3.266,1.0
150.859,13.0
94.611,4.0
83.251,6.0
-2.019,0.0
84.178,7.0
89.507,12.0
102.885,6.0
123.463,7.0
117.569,7.0
128.986,12.0
126.744,11.0
111.308,9.0
85.434,11.0
59.780,12.0
87.572,4.0
100.868,12.0
137.715,4.0
1.441,0.0
146.956,8.0
126.209,6.0
91.286,12.0
74.332,10.0
94.761,4.0
134.926,4.0
159.786,9.0
73.494,8.0
146.001,8.0
162.858,5.0
125.678,2.0
120.043,12.0
87.523,10.0
116.800,5.0
116.471,13.0
149.531,4.0
72.308,7.0
154.169,9.0
93.252,4.0
164.332,13.0
160.354,7.0
94.074,8.0
132.985,3.0
75.481,3.0
122.961,13.0
73.039,9.0
146.035,6.0
61.774,4.0
99.429,12.0
73.937,7.0
160.574,10.0
96.163,6.0
154.326,11.0
155.882,9.0
131.668,9.0
155.737,7.0
150.390,11.0
145.125,8.0
139.418,12.0
143.885,8.0
74.496,8.0
130.013,9.0
137.748,4.0
62.475,11.0
117.695,4.0
146.235,6.0
150.790,9.0
101.758,4.0
170.455,3.0
80.734,9.0
87.002,10.0
63.084,6.0
94.418,12.0
114.793,10.0
168.465,8.0
85.456,3.0
90.287,11.0
151.488,8.0
81.652,3.0
105.895,11.0
123.545,4.0
131.504,4.0
129.468,5.0
157.879,8.0
153.188,9.0
170.132,5.0
164.235,9.0
-1.326,0.0
90.541,6.0
137.602,13.0
-3.788,1.0
139.848,13.0
167.811,9.0
148.046,5.0
90.657,9.0
77.935,3.0
169.646,11.0
71.056,9.0
157.511,12.0
145.955,13.0
67.260,10.0
151.170,10.0
157.911,12.0
109.803,8.0
74.443,5.0
105.266,4.0
93.308,5.0
141.698,6.0
152.053,7.0
109.723,4.0
101.009,9.0
101.049,5.0
163.367,10.0
99.667,5.0
96.086,6.0
113.484,13.0
76.363,3.0
117.825,9.0
172.805,11.0
129.691,6.0
61.255,4.0
120.614,7.0
172.096,4.0
114.381,5.0
78.440,13.0
165.084,3.0
76.301,11.0
171.848,9.0
150.541,4.0
132.019,8.0
133.742,3.0
163.001,5.0
111.568,4.0
132.207,11.0
120.588,9.0
150.629,10.0
136.815,6.0
101.736,9.0
101.012,7.0
167.367,13.0
126.523,3.0
132.990,11.0
133.659,3.0
150.033,6.0
155.775,10.0
125.534,4.0
81.939,3.0
108.640,12.0
132.080,12.0
82.575,13.0
121.190,3.0
124.631,9.0
140.441,7.0
156.941,7.0
61.689,7.0
135.282,11.0
149.172,10.0
118.613,4.0
111.077,12.0
97.450,12.0
162.248,14.0
133.629,11.0
153.325,2.0
144.959,12.0
86.301,9.0
168.731,5.0
104.674,9.0
132.547,6.0
93.796,3.0
115.081,5.0
171.838,11.0
91.749,5.0
63.242,8.0
150.862,4.0
147.000,5.0
163.681,13.0
172.789,9.0
150.768,8.0
69.309,5.0
154.477,13.0
88.377,3.0
93.779,13.0
166.438,4.0
157.705,13.0
76.399,6.0
84.357,6.0
74.436,12.0
0.032,1.0
152.221,6.0
103.092,3.0
142.563,5.0
151.245,5.0
155.327,6.0
111.981,12.0
143.919,13.0
105.984,7.0
139.627,6.0
91.923,9.0
74.709,6.0
164.710,7.0
149.272,9.0
103.324,12.0
164.857,7.0
91.916,7.0
97.912,4.0
156.558,8.0
168.068,7.0
82.446,6.0
135.566,9.0
173.598,4.0
173.512,7.0
161.197,8.0
97.355,5.0
149.128,11.0
143.107,5.0
165.686,13.0
62.253,7.0
120.518,4.0
127.065,13.0
71.250,3.0
81.061,4.0
155.809,11.0
75.132,9.0
166.045,7.0
83.341,5.0
138.256,11.0
157.995,8.0
133.846,7.0
75.924,8.0
70.970,12.0
111.545,3.0
142.525,5.0
164.895,12.0
115.787,12.0
105.078,7.0
86.463,7.0
75.364,6.0
174.341,6.0
159.098,6.0
94.948,10.0
100.509,11.0
175.964,4.0
60.351,13.0
143.866,7.0
177.467,5.0
135.006,8.0
115.675,7.0
0.968,0.0
143.386,5.0
136.733,9.0
87.714,7.0
88.887,6.0
156.566,7.0
97.540,6.0
152.916,12.0
108.794,11.0
132.558,13.0
140.561,8.0
104.144,4.0
159.285,14.0
124.739,4.0
77.886,4.0
159.862,12.0
113.512,8.0
162.559,10.0
60.775,8.0
156.132,11.0
110.812,4.0
88.720,11.0
167.985,9.0
159.865,7.0
98.149,3.0
92.576,7.0
114.603,14.0
96.414,11.0
98.375,11.0
76.851,10.0
70.111,9.0
178.433,4.0
173.809,8.0
148.596,4.0
175.817,7.0
136.756,8.0
107.721,13.0
179.786,6.0
177.009,8.0
110.007,6.0
92.912,13.0
87.143,6.0
103.471,8.0
88.175,6.0
65.835,11.0
141.338,9.0
133.539,4.0
94.731,10.0
121.456,6.0
74.912,12.0
96.572,10.0
92.115,7.0
163.375,5.0
121.899,11.0
91.447,13.0
80.969,6.0
91.521,6.0
99.489,7.0
93.746,6.0
71.302,3.0
128.409,11.0
94.662,4.0
100.149,11.0
147.261,14.0
131.810,9.0
151.756,3.0
82.086,8.0
162.479,5.0
120.687,11.0
147.347,11.0
106.894,6.0
84.070,6.0
154.920,7.0
62.619,13.0
168.736,10.0
155.225,8.0
158.766,12.0
133.047,12.0
86.200,7.0
158.459,7.0
178.583,8.0
124.057,4.0
172.882,6.0
69.911,12.0
158.576,14.0
176.507,12.0
114.621,9.0
131.945,5.0
110.878,3.0
67.880,11.0
158.237,5.0
83.949,5.0
80.875,10.0
171.678,5.0
145.638,13.0
92.520,13.0
115.278,13.0
128.436,10.0
142.632,9.0
109.716,11.0
93.498,6.0
111.855,9.0
66.191,3.0
170.479,13.0
2.653,0.0
118.038,8.0
132.580,12.0
150.360,4.0
115.657,13.0
111.209,11.0
168.909,6.0
161.212,3.0
181.687,9.0
97.126,7.0
168.807,4.0
119.874,7.0
142.828,11.0
141.034,4.0
124.898,8.0
171.152,7.0
82.499,5.0
70.718,13.0
153.014,12.0
92.526,8.0
131.886,6.0
87.695,10.0
154.112,13.0
110.875,4.0
162.288,10.0
163.760,9.0
179.309,3.0
146.297,12.0
137.186,3.0
78.918,10.0
163.191,9.0
150.545,11.0
70.746,3.0
111.052,11.0
62.312,12.0
71.915,10.0
168.130,7.0
117.426,14.0
151.314,9.0
132.672,10.0
169.029,10.0
177.045,12.0
150.593,4.0
172.808,7.0
176.775,8.0
106.787,2.0
158.795,10.0
89.834,5.0
80.623,14.0
98.035,5.0
112.461,12.0
111.021,11.0
69.831,7.0
170.900,5.0
95.908,7.0
136.268,7.0
146.057,8.0
114.103,12.0
64.235,9.0
103.910,10.0
-3.373,0.0
68.522,5.0
152.977,8.0
180.774,6.0
159.577,7.0
178.424,6.0
158.504,11.0
100.190,3.0
69.262,9.0
111.332,9.0
69.807,12.0
139.085,12.0
100.401,12.0
177.138,9.0
153.723,11.0
78.881,4.0
110.508,12.0
95.035,13.0
125.672,5.0
182.344,12.0
123.925,4.0
62.823,5.0
109.798,13.0
85.335,10.0
89.810,14.0
85.529,6.0
143.678,7.0
154.954,14.0
81.040,6.0
144.534,9.0
161.232,9.0
158.801,14.0
70.446,4.0
108.861,14.0
159.080,12.0
62.456,10.0
138.231,5.0
102.566,13.0
167.200,6.0
115.479,13.0
110.508,7.0
133.333,13.0
72.031,9.0
77.479,10.0
157.227,4.0
87.116,12.0
141.353,4.0
138.821,11.0
77.022,5.0
159.325,14.0
179.572,4.0
113.026,13.0
100.008,5.0
120.288,12.0
103.770,4.0
76.722,4.0
142.628,5.0
93.884,10.0
135.574,13.0
71.946,9.0
122.929,11.0
91.219,12.0
114.421,13.0
170.355,9.0
81.121,10.0
164.084,9.0
100.606,3.0
81.572,12.0
166.423,4.0
108.708,8.0
183.465,4.0
72.751,7.0
149.054,12.0
132.112,10.0
171.273,14.0
96.994,8.0
93.259,8.0
143.367,8.0
63.302,9.0
110.964,6.0
152.836,4.0
86.894,7.0
111.167,8.0
161.598,7.0
128.572,11.0
159.697,12.0
144.752,12.0
84.850,9.0
64.372,11.0
71.450,5.0
84.598,4.0
139.373,13.0
112.220,12.0
128.706,9.0
180.776,9.0
101.412,4.0
148.005,4.0
107.998,8.0
122.654,4.0
-1.592,1.0
167.647,14.0
114.510,14.0
109.126,4.0
68.581,7.0
162.461,10.0
146.808,13.0
157.106,7.0
70.631,9.0
95.108,9.0
176.199,11.0
163.260,4.0
158.791,5.0
102.159,8.0
144.587,13.0
184.605,14.0
124.550,11.0
173.722,9.0
86.458,7.0
71.244,4.0
173.164,4.0
151.546,11.0
128.692,5.0
178.178,12.0
71.497,5.0
183.375,4.0
95.592,7.0
106.435,4.0
100.352,8.0
78.689,5.0
161.967,13.0
161.454,4.0
165.530,8.0
134.162,13.0
184.186,7.0
169.125,13.0
165.482,14.0
157.233,6.0
160.631,3.0
164.965,11.0
124.178,8.0
159.790,8.0
176.602,6.0
89.856,8.0
183.611,7.0
137.038,4.0
157.640,10.0
162.616,5.0
76.205,14.0
184.746,11.0
131.648,11.0
153.059,4.0
75.187,4.0
159.990,4.0
89.928,6.0
137.256,7.0
156.429,14.0
100.755,6.0
95.595,5.0
70.051,5.0
107.393,9.0
65.351,14.0
140.933,7.0
90.738,3.0
151.551,5.0
124.902,5.0
181.196,14.0
102.934,5.0
168.176,6.0
84.643,14.0
98.768,7.0
122.606,10.0
88.351,5.0
140.089,11.0
104.832,4.0
95.685,13.0
150.842,11.0
147.409,6.0
79.337,7.0
184.383,3.0
78.413,12.0
186.309,9.0
104.332,14.0
171.145,3.0
139.960,12.0
135.303,8.0
149.388,7.0
112.578,11.0
68.475,6.0
185.486,13.0
170.507,7.0
171.450,12.0
141.628,7.0
160.516,13.0
78.675,6.0
141.085,4.0
132.109,5.0
84.239,10.0
103.805,14.0
163.010,8.0
161.699,7.0
86.403,5.0
147.349,12.0
64.187,13.0
104.983,8.0
185.428,7.0
69.447,6.0
168.765,9.0
125.896,5.0
87.780,6.0
166.187,14.0
85.560,8.0
94.114,2.0
77.393,4.0
143.085,3.0
77.869,15.0
145.497,6.0
128.439,4.0
155.788,7.0
85.457,14.0
81.083,6.0
125.063,14.0
90.721,9.0
66.388,8.0
64.146,7.0
79.261,7.0
100.153,9.0
101.122,7.0
165.568,7.0
109.992,9.0
156.506,13.0
87.772,12.0
87.625,14.0
81.242,13.0
163.472,14.0
159.424,12.0
118.565,5.0
101.118,13.0
157.018,10.0
112.766,5.0
86.307,12.0
115.923,7.0
97.998,4.0
133.701,8.0
125.216,9.0
118.005,8.0
78.905,4.0
110.067,8.0
104.287,4.0
153.463,12.0
89.510,7.0
175.347,10.0
150.396,5.0
132.828,9.0
157.472,4.0
123.031,7.0
161.537,4.0
140.616,9.0
169.288,15.0
171.068,8.0
120.897,11.0
104.706,12.0
178.765,4.0
166.874,13.0
172.537,12.0
116.676,3.0
188.529,14.0
188.584,13.0
69.441,6.0
170.394,4.0
65.994,9.0
117.874,12.0
167.345,11.0
155.468,5.0
111.350,11.0
109.958,4.0
172.443,7.0
118.490,13.0
157.050,11.0
138.517,3.0
128.070,4.0
99.345,7.0
109.513,7.0
163.727,5.0
94.731,3.0
72.802,14.0
131.886,6.0
161.723,7.0
87.990,8.0
144.777,7.0
115.132,5.0
185.013,7.0
117.652,10.0
131.566,6.0
81.614,14.0
175.168,8.0
136.641,9.0
102.685,4.0
136.506,10.0
117.022,8.0
67.344,14.0
90.385,10.0
166.429,8.0
165.384,14.0
141.573,13.0
103.803,8.0
117.775,5.0
72.594,9.0
129.421,10.0
93.921,7.0
185.201,6.0
104.071,4.0
162.245,8.0
160.936,5.0
146.054,7.0
117.111,9.0
112.750,5.0
79.323,13.0
163.628,7.0
188.627,11.0
177.609,6.0
146.680,9.0
134.074,7.0
146.538,10.0
68.002,11.0
118.440,6.0
152.421,7.0
75.949,9.0
2.366,1.0
83.893,15.0
149.167,15.0
0.234,1.0
186.439,13.0
124.921,8.0
74.739,9.0
71.731,12.0
135.106,12.0
184.373,13.0
149.908,9.0
1.257,0.0
169.808,14.0
75.053,11.0
179.040,8.0
98.883,13.0
135.403,6.0
176.693,14.0
77.479,5.0
97.534,4.0
136.765,12.0
78.941,7.0
179.607,8.0
67.968,4.0
130.149,7.0
152.833,12.0
78.549,13.0
111.914,8.0
114.833,8.0
154.906,12.0
158.315,12.0
75.722,4.0
66.806,4.0
94.637,14.0
117.756,12.0
130.833,7.0
73.193,13.0
122.356,15.0
179.272,9.0
117.259,7.0
67.924,4.0
157.147,10.0
109.444,6.0
174.378,12.0
143.201,4.0
126.664,6.0
66.986,7.0
184.682,6.0
84.132,7.0
95.987,8.0
137.880,9.0
91.416,3.0
96.849,14.0
85.742,12.0
75.596,12.0
123.522,8.0
115.366,8.0
155.199,6.0
181.113,12.0
186.380,13.0
172.494,7.0
161.744,6.0
101.260,5.0
144.215,10.0
190.832,6.0
161.269,11.0
-3.600,0.0
176.551,10.0
154.009,12.0
91.669,4.0
154.336,8.0
132.690,5.0
187.979,11.0
173.561,13.0
150.217,9.0
158.190,7.0
71.435,5.0
82.271,15.0
149.894,13.0
68.715,13.0
126.245,13.0
97.007,9.0
183.895,12.0
108.209,5.0
175.855,13.0
142.818,7.0
173.111,4.0
89.198,7.0
174.451,9.0
135.017,14.0
137.120,9.0
89.007,7.0
71.917,6.0
68.564,11.0
92.577,4.0
93.757,6.0
157.547,9.0
95.841,7.0
108.599,4.0
132.361,14.0
188.764,9.0
90.297,5.0
102.419,15.0
127.995,8.0
93.882,3.0
161.092,6.0
175.487,13.0
168.877,7.0
108.472,14.0
134.844,11.0
173.210,5.0
184.255,5.0
150.237,13.0
66.346,5.0
108.323,5.0
140.296,13.0
93.813,11.0
101.825,13.0
142.120,8.0
130.395,11.0
131.967,4.0
113.124,6.0
73.210,5.0
110.111,14.0
165.754,8.0
80.840,15.0
148.649,13.0
174.111,4.0
189.845,10.0
163.592,14.0
138.566,15.0
179.880,11.0
101.895,5.0
-1.510,0.0
158.816,7.0
158.951,5.0
130.127,14.0
164.145,3.0
124.216,3.0
142.706,5.0
156.375,7.0
110.320,10.0
159.023,3.0
76.365,11.0
145.995,7.0
116.246,10.0
189.951,4.0
67.914,6.0
136.434,5.0
96.144,13.0
166.529,13.0
180.618,5.0
158.633,5.0
119.098,6.0
93.653,4.0
147.228,4.0
66.666,3.0
146.888,4.0
187.012,15.0
121.467,14.0
78.985,5.0
73.840,10.0
119.010,13.0
77.808,11.0
193.458,9.0
80.456,9.0
84.063,5.0
75.198,7.0
180.560,6.0
162.918,3.0
146.968,11.0
131.568,13.0
117.228,5.0
165.715,14.0
183.198,5.0
76.950,6.0
94.238,6.0
158.978,11.0
96.581,5.0
126.190,12.0
153.574,9.0
118.169,6.0
167.805,10.0
183.562,15.0
153.439,14.0
77.507,9.0
140.209,15.0
107.854,6.0
81.722,14.0
132.679,15.0
90.791,5.0
70.382,15.0
75.374,13.0
83.525,8.0
191.995,8.0
76.805,7.0
137.625,13.0
72.207,13.0
111.839,6.0
171.713,13.0
80.362,11.0
146.134,5.0
92.493,7.0
67.411,8.0
87.289,8.0
140.190,9.0
-1.820,0.0
78.894,9.0
116.337,3.0
182.193,14.0
124.738,16.0
87.217,12.0
126.477,6.0
94.631,12.0
146.363,14.0
115.621,15.0
150.933,12.0
144.582,12.0
0.126,0.0
93.640,9.0
79.658,3.0
186.268,12.0
123.622,5.0
135.777,9.0
82.760,7.0
159.874,5.0
122.908,7.0
156.198,10.0
166.413,7.0
182.820,7.0
180.864,11.0
128.826,12.0
162.017,12.0
180.561,12.0
116.111,5.0
186.728,10.0
91.232,13.0
72.713,11.0
86.505,12.0
129.337,13.0
124.464,9.0
82.147,5.0
158.516,9.0
153.162,7.0
110.502,11.0
193.067,10.0
115.293,13.0
76.639,5.0
126.445,10.0
90.584,9.0
78.503,5.0
155.129,11.0
134.913,8.0
92.893,6.0
68.334,14.0
186.817,11.0
142.893,8.0
142.560,6.0
83.391,14.0
79.840,14.0
152.553,12.0
143.518,12.0
66.231,14.0
136.060,8.0
140.679,11.0
70.045,10.0
153.942,10.0
68.466,7.0
164.072,10.0
122.416,11.0
139.806,7.0
136.248,14.0
168.058,4.0
191.757,5.0
175.330,6.0
108.248,14.0
87.502,7.0
137.255,12.0
94.134,8.0
84.531,7.0
112.160,13.0
82.979,14.0
123.869,12.0
182.278,14.0
78.151,8.0
103.183,6.0
163.896,5.0
143.190,7.0
193.284,9.0
158.108,4.0
113.108,14.0
130.013,5.0
196.592,7.0
176.057,7.0
87.297,9.0
109.237,12.0
77.727,5.0
114.358,4.0
117.962,9.0
190.567,7.0
113.103,8.0
93.612,9.0
140.302,10.0
172.408,8.0
72.973,5.0
131.772,11.0
108.551,5.0
126.889,12.0
195.376,11.0
163.928,7.0
186.894,15.0
136.412,6.0
143.223,5.0
117.408,13.0
178.502,10.0
135.317,6.0
115.535,11.0
176.887,12.0
87.771,9.0
169.994,15.0
162.605,8.0
72.296,14.0
133.610,8.0
101.919,14.0
86.359,7.0
157.757,6.0
88.483,8.0
196.262,5.0
181.872,11.0
179.226,13.0
191.109,8.0
92.715,4.0
73.561,5.0
185.273,11.0
122.101,7.0
115.566,13.0
94.762,8.0
69.564,8.0
167.754,13.0
162.984,7.0
134.214,4.0
86.945,8.0
187.392,15.0
135.758,7.0
160.216,14.0
192.307,10.0
153.482,11.0
89.244,4.0
138.813,13.0
131.859,14.0
122.743,12.0
185.652,3.0
166.687,8.0
126.391,6.0
198.144,11.0
97.820,9.0
196.728,6.0
86.226,14.0
141.181,7.0
160.931,5.0
187.706,6.0
82.940,15.0
89.997,6.0
118.042,5.0
100.549,5.0
189.286,11.0
191.640,10.0
179.240,5.0
69.165,12.0
123.170,15.0
83.714,14.0
171.504,5.0
79.614,6.0
157.116,7.0
142.538,14.0
171.161,11.0
124.786,12.0
167.846,14.0
180.002,7.0
169.098,9.0
86.308,6.0
109.204,12.0
191.913,7.0
103.537,15.0
121.149,4.0
178.369,6.0
110.513,4.0
93.761,5.0
139.429,9.0
71.680,16.0
87.842,8.0
190.254,13.0
94.920,12.0
159.261,12.0
88.794,4.0
182.204,13.0
119.221,8.0
134.159,7.0
86.877,15.0
104.190,8.0
147.415,16.0
96.827,6.0
193.764,4.0
169.198,14.0
173.097,12.0
186.658,4.0
83.579,7.0
184.321,5.0
104.783,11.0
148.956,5.0
79.041,4.0
78.292,5.0
132.485,8.0
161.919,12.0
197.978,7.0
-0.606,1.0
67.445,15.0
136.498,12.0
120.773,6.0
125.147,10.0
179.372,12.0
196.993,9.0
184.527,14.0
181.820,4.0
139.403,14.0
114.154,5.0
159.951,4.0
86.298,8.0
98.360,14.0
184.158,12.0
134.771,4.0
165.653,5.0
176.293,6.0
161.578,11.0
179.501,5.0
132.878,7.0
68.278,9.0
199.133,9.0
182.792,12.0
135.153,13.0
75.047,11.0
191.576,15.0
155.038,10.0
197.956,3.0
90.814,11.0
166.416,4.0
69.461,10.0
179.099,8.0
79.638,12.0
109.211,16.0
134.733,4.0
97.442,15.0
109.552,10.0
82.921,11.0
111.629,12.0
151.967,5.0
187.373,5.0
127.918,11.0
82.551,5.0
189.314,3.0
152.152,10.0
148.152,13.0
78.021,6.0
166.602,13.0
85.080,6.0
80.734,11.0
156.895,11.0
109.383,11.0
83.790,16.0
172.195,12.0
166.240,16.0
172.987,9.0
139.914,8.0
194.644,12.0
100.511,13.0
76.739,11.0
123.298,11.0
83.336,6.0
124.320,13.0
198.552,12.0
177.607,9.0
156.504,14.0
101.721,5.0
92.172,6.0
168.521,14.0
75.049,8.0
180.771,8.0
165.950,8.0
156.628,8.0
179.710,6.0
163.867,9.0
176.969,4.0
76.994,5.0
180.358,14.0
112.149,8.0
175.638,7.0
144.507,11.0
126.565,14.0
117.038,3.0
158.856,14.0
134.945,13.0
187.215,7.0
199.750,10.0
196.586,4.0
68.509,8.0
90.425,5.0
105.496,15.0
157.279,8.0
104.104,14.0
83.425,16.0
167.598,15.0
180.355,8.0
117.453,16.0
150.627,5.0
70.842,16.0
156.026,12.0
114.942,10.0
186.083,12.0
115.712,6.0
87.370,10.0
95.995,11.0
190.906,15.0
70.388,6.0
96.994,10.0
133.140,14.0
118.762,13.0
172.388,12.0
189.922,12.0
89.851,9.0
69.545,10.0
171.209,6.0
164.631,6.0
121.501,7.0
157.715,11.0
134.174,12.0
79.701,14.0
89.791,9.0
76.238,8.0
140.754,4.0
127.144,10.0
193.245,7.0
196.619,12.0
161.873,14.0
128.423,13.0
91.398,4.0
110.605,10.0
117.125,7.0
193.659,9.0
191.552,15.0
158.974,3.0
172.420,13.0
3.609,0.0
-1.688,0.0
160.834,14.0
85.235,15.0
124.761,12.0
138.532,7.0
154.862,5.0
170.426,9.0
120.993,9.0
103.588,13.0
148.647,11.0
103.106,11.0
76.707,7.0
184.386,9.0
177.658,7.0
179.930,8.0
142.335,7.0
149.544,6.0
85.631,10.0
179.851,14.0
130.469,11.0
147.914,6.0
153.282,11.0
129.611,13.0
162.664,4.0
96.840,6.0
149.375,7.0
91.389,5.0
82.530,7.0
167.912,8.0
84.231,4.0
126.258,9.0
100.348,6.0
124.337,13.0
92.434,12.0
119.312,13.0
168.350,16.0
175.693,12.0
173.393,5.0
141.157,9.0
120.489,6.0
112.097,9.0
85.928,5.0
137.399,9.0
131.202,7.0
96.825,10.0
197.501,9.0
89.666,14.0
171.721,8.0
85.117,14.0
161.011,11.0
142.624,5.0
87.753,14.0
110.828,15.0
97.370,7.0
101.785,9.0
150.380,6.0
138.216,5.0
82.454,3.0
78.936,5.0
122.613,12.0
167.063,5.0
196.136,4.0
75.787,14.0
82.792,6.0
137.782,10.0
178.026,15.0
176.799,13.0
150.377,11.0
124.180,5.0
108.720,14.0
103.720,7.0
127.682,5.0
147.757,8.0
123.066,13.0
77.950,13.0
138.958,7.0
140.355,3.0
82.533,13.0
163.775,15.0
113.573,10.0
136.065,16.0
165.556,11.0
197.346,15.0
81.791,13.0
128.584,4.0
129.134,8.0
101.567,9.0
200.845,6.0
83.750,13.0
148.784,16.0
200.968,5.0
196.727,6.0
179.262,11.0
126.076,13.0
81.906,7.0
196.425,15.0
178.679,6.0
168.636,9.0
75.061,9.0
84.339,16.0
69.234,13.0
102.575,4.0
151.242,11.0
160.765,3.0
88.449,14.0
189.047,13.0
173.345,16.0
177.690,6.0
103.683,12.0
113.780,11.0
155.715,4.0
134.902,4.0
157.388,11.0
101.334,14.0
193.292,5.0
93.891,6.0
186.198,16.0
190.134,6.0
112.586,14.0
135.679,8.0
194.314,14.0
114.996,10.0
153.326,11.0
0.432,1.0
123.039,5.0
164.687,14.0
178.788,15.0
170.118,5.0
96.593,15.0
173.361,15.0
72.521,6.0
94.229,6.0
170.559,12.0
156.223,8.0
164.469,9.0
93.874,11.0
175.619,14.0
79.472,9.0
74.910,6.0
171.294,5.0
82.418,14.0
109.785,14.0
123.280,15.0
185.253,9.0
192.797,13.0
116.046,8.0
89.889,5.0
83.162,10.0
68.984,10.0
193.436,15.0
169.880,9.0
203.301,15.0
129.802,16.0
151.915,9.0
91.933,8.0
141.884,12.0
124.126,10.0
116.158,11.0
135.620,6.0
182.358,7.0
185.824,16.0
122.352,15.0
174.231,13.0
160.634,9.0
145.098,7.0
101.800,8.0
146.561,7.0
87.661,15.0
98.570,8.0
134.794,10.0
87.921,7.0
81.146,10.0
115.916,10.0
197.438,11.0
97.200,10.0
126.538,15.0
105.735,13.0
129.735,9.0
124.745,11.0
141.794,10.0
134.473,11.0
75.334,15.0
129.718,10.0
163.326,10.0
193.480,9.0
160.914,8.0
76.273,4.0
85.783,11.0
90.268,9.0
119.390,6.0
88.877,7.0
115.565,8.0
138.053,10.0
73.924,15.0
197.694,14.0
86.029,11.0
181.949,8.0
89.377,13.0
110.760,5.0
130.605,16.0
130.524,12.0
136.302,14.0
87.015,7.0
202.847,8.0
179.243,10.0
178.414,9.0
74.770,15.0
187.344,8.0
190.120,15.0
118.937,11.0
123.921,6.0
170.109,8.0
72.702,16.0
147.089,7.0
126.447,14.0
82.375,6.0
169.372,6.0
75.878,11.0
90.010,10.0
158.723,10.0
128.151,6.0
148.309,13.0
140.472,3.0
192.352,11.0
95.198,6.0
149.887,8.0
94.409,6.0
-2.205,0.0
86.877,12.0
195.266,12.0
186.056,14.0
188.262,6.0
83.728,9.0
102.511,4.0
110.311,8.0
121.073,11.0
176.916,11.0
73.917,16.0
110.636,15.0
92.683,10.0
135.982,6.0
198.195,6.0
201.161,5.0
92.391,12.0
185.920,12.0
199.005,14.0
79.922,5.0
140.921,14.0
89.979,14.0
83.543,9.0
87.849,8.0
117.307,4.0
121.512,9.0
190.544,13.0
114.128,11.0
77.801,14.0
73.994,11.0
108.451,16.0
90.483,6.0
178.247,9.0
177.517,7.0
175.040,13.0
83.504,4.0
69.467,9.0
190.123,4.0
125.188,12.0
192.146,14.0
131.835,11.0
138.765,5.0
110.325,3.0
69.912,13.0
152.266,14.0
159.229,8.0
97.810,10.0
195.052,6.0
75.705,5.0
95.210,12.0
129.326,13.0
190.307,6.0
103.136,4.0
133.958,4.0
179.520,13.0
164.616,9.0
153.619,11.0
98.112,16.0
75.742,9.0
103.015,12.0
89.936,12.0
198.626,11.0
144.185,7.0
117.855,11.0
140.907,15.0
78.003,4.0
100.166,11.0
134.358,10.0
133.090,10.0
100.236,11.0
74.350,8.0
119.931,15.0
178.634,11.0
141.973,6.0
166.389,5.0
162.510,13.0
143.784,10.0
124.741,10.0
199.277,6.0
134.927,14.0
121.970,12.0
191.614,6.0
116.330,14.0
120.395,16.0
150.703,14.0
202.733,7.0
115.957,13.0
123.039,13.0
198.711,11.0
85.782,9.0
107.201,7.0
175.273,12.0
175.870,6.0
83.577,10.0
203.321,5.0
103.000,3.0
166.352,10.0
202.579,8.0
165.533,3.0
129.668,15.0
134.834,8.0
116.945,17.0
132.357,3.0
180.773,5.0
146.147,14.0
77.413,5.0
101.770,12.0
179.863,6.0
197.414,3.0
144.072,11.0
78.765,5.0
149.378,9.0
132.765,4.0
145.134,10.0
196.125,4.0
176.519,13.0
165.172,13.0
128.813,15.0
161.427,15.0
140.182,7.0
111.729,7.0
185.972,4.0
85.169,14.0
134.203,14.0
123.391,12.0
197.679,12.0
188.156,4.0
-1.341,0.0
200.445,5.0
133.971,14.0
83.045,11.0
74.192,9.0
152.072,11.0
152.559,6.0
199.403,16.0
129.677,16.0
71.302,13.0
161.944,5.0
113.213,3.0
88.651,15.0
105.941,15.0
191.404,14.0
144.786,7.0
159.720,12.0
161.225,7.0
145.694,11.0
126.010,5.0
201.232,16.0
1.990,0.0
166.886,3.0
94.914,15.0
120.649,14.0
169.581,8.0
77.807,8.0
84.255,5.0
149.211,7.0
205.400,11.0
132.468,6.0
-3.018,0.0
181.132,16.0
199.729,16.0
123.143,7.0
98.117,10.0
152.377,9.0
202.372,11.0
96.187,15.0
88.126,4.0
124.202,6.0
86.565,10.0
119.147,7.0
134.628,14.0
156.726,14.0
87.026,15.0
183.412,17.0
155.578,16.0
-1.739,0.0
164.624,5.0
90.292,8.0
201.395,7.0
117.330,5.0
190.182,7.0
169.424,4.0
109.857,8.0
143.839,10.0
91.532,5.0
-3.142,1.0
81.460,16.0
148.401,10.0
86.069,15.0
141.385,11.0
84.261,12.0
137.106,3.0
102.286,7.0
126.419,9.0
114.943,15.0
111.685,13.0
127.674,5.0
195.238,6.0
154.741,8.0
184.848,12.0
124.109,5.0
200.279,4.0
116.200,10.0
71.636,5.0
130.049,14.0
151.744,11.0
111.096,7.0
166.562,9.0
194.854,16.0
154.073,4.0
71.566,11.0
191.155,8.0
145.416,6.0
189.317,14.0
117.903,14.0
195.952,15.0
90.835,7.0
75.244,8.0
193.498,9.0
198.934,6.0
120.218,15.0
136.694,14.0
191.878,12.0
111.954,16.0
98.383,9.0
149.487,8.0
127.189,7.0
122.157,3.0
108.108,11.0
150.053,15.0
81.265,11.0
177.563,7.0
129.215,5.0
187.375,14.0
184.690,4.0
90.318,4.0
113.912,14.0
72.656,6.0
161.418,8.0
87.493,13.0
129.611,9.0
97.479,9.0
145.958,14.0
153.474,11.0
104.556,12.0
146.557,3.0
80.251,12.0
116.736,10.0
196.595,8.0
151.551,11.0
169.384,4.0
181.398,8.0
96.648,5.0
157.455,6.0
127.781,14.0
174.652,12.0
167.152,9.0
204.782,10.0
104.297,4.0
194.402,10.0
174.895,13.0
134.107,8.0
105.037,4.0
82.777,4.0
91.384,15.0
85.000,6.0
132.530,9.0
138.763,6.0
192.416,11.0
-0.415,1.0
70.776,12.0
100.439,7.0
95.642,10.0
73.966,5.0
78.481,13.0
156.476,7.0
99.796,11.0
75.496,11.0
191.056,8.0
195.537,14.0
178.136,5.0
172.492,6.0
132.178,11.0
153.659,5.0
185.010,9.0
183.198,12.0
94.448,9.0
172.600,6.0
101.761,16.0
203.214,8.0
192.701,16.0
100.441,13.0
190.307,7.0
166.726,14.0
156.182,13.0
182.279,14.0
80.540,16.0
111.946,10.0
177.357,10.0
128.429,10.0
156.284,12.0
117.840,8.0
74.158,11.0
142.660,16.0
83.398,9.0
85.483,9.0
183.717,5.0
114.609,11.0
200.888,6.0
116.962,16.0
110.053,11.0
116.308,6.0
75.490,12.0
71.471,7.0
189.086,6.0
153.817,6.0
165.999,15.0
144.637,14.0
100.740,15.0
82.081,8.0
97.891,16.0
110.444,16.0
198.569,13.0
104.916,15.0
77.861,6.0
90.909,5.0
151.827,9.0
70.352,15.0
157.144,5.0
74.058,14.0
159.560,7.0
155.875,7.0
147.497,11.0
140.454,12.0
0.865,1.0
99.630,8.0
119.359,16.0
90.496,13.0
104.079,16.0
169.945,12.0
181.397,16.0
152.541,4.0
76.905,15.0
170.581,7.0
106.121,9.0
185.714,5.0
135.812,10.0
108.092,14.0
115.503,4.0
187.589,5.0
116.724,7.0
142.707,5.0
-3.337,0.0
86.655,11.0
72.186,12.0
110.663,12.0
84.463,11.0
206.744,4.0
81.543,7.0
84.889,3.0
82.756,10.0
101.922,16.0
138.926,14.0
128.175,10.0
117.666,14.0
166.374,11.0
197.253,15.0
161.216,11.0
70.200,11.0
74.273,12.0
186.099,16.0
172.525,15.0
91.294,7.0
109.693,15.0
125.504,13.0
198.165,10.0
137.929,15.0
163.594,6.0
190.038,13.0
116.536,8.0
188.639,11.0
175.841,5.0
137.726,3.0
164.169,8.0
189.869,16.0
203.022,3.0
160.703,11.0
105.715,13.0
145.205,10.0
137.743,6.0
154.568,4.0
90.877,10.0
140.895,5.0
119.571,7.0
101.297,10.0
70.838,15.0
198.975,14.0
166.804,8.0
92.286,13.0
131.328,11.0
202.485,8.0
191.203,11.0
184.816,5.0
206.980,11.0
179.532,7.0
190.344,10.0
185.202,12.0
175.416,15.0
155.865,14.0
204.508,13.0
178.308,15.0
183.853,10.0
194.168,6.0
177.328,12.0
170.119,10.0
160.514,7.0
103.041,10.0
177.879,15.0
80.030,7.0
194.074,15.0
183.596,16.0
163.540,16.0
93.465,14.0
162.878,12.0
78.920,11.0
122.205,10.0
92.741,14.0
84.768,9.0
77.452,15.0
98.944,12.0
173.044,5.0
91.801,7.0
104.183,8.0
143.615,7.0
141.323,5.0
181.484,10.0
93.043,5.0
165.043,6.0
71.886,14.0
113.803,8.0
133.050,9.0
91.903,13.0
147.115,11.0
179.872,9.0
82.719,11.0
186.778,5.0
97.069,8.0
124.643,11.0
133.212,7.0
70.918,5.0
139.752,11.0
71.163,8.0
78.496,5.0
146.234,8.0
93.019,12.0
158.860,5.0
82.062,9.0
117.529,15.0
144.549,8.0
150.314,17.0
145.579,17.0
204.848,5.0
146.976,9.0
127.857,12.0
-2.780,1.0
126.999,4.0
206.900,14.0
206.848,11.0
75.351,13.0
124.613,5.0
182.354,6.0
153.998,17.0
101.325,4.0
190.051,5.0
159.189,9.0
161.675,11.0
95.424,13.0
158.517,7.0
105.406,8.0
178.391,6.0
186.399,5.0
144.891,8.0
141.343,6.0
76.240,12.0
185.630,11.0
191.245,8.0
150.155,7.0
197.352,5.0
153.014,15.0
70.306,9.0
161.721,7.0
110.554,15.0
74.068,11.0
166.747,16.0
146.011,14.0
121.504,6.0
110.836,12.0
133.404,10.0
201.289,16.0
208.722,9.0
205.660,15.0
185.302,6.0
71.040,8.0
133.011,16.0
145.059,12.0
0.147,0.0
167.773,17.0
117.569,15.0
145.037,5.0
153.627,16.0
195.210,8.0
75.259,15.0
105.956,8.0
160.219,10.0
153.367,10.0
162.478,7.0
190.042,5.0
131.585,9.0
194.390,15.0
139.943,9.0
72.496,15.0
123.375,8.0
198.695,7.0
144.350,12.0
189.378,7.0
119.506,5.0
72.753,6.0
192.890,13.0
132.091,8.0
166.581,9.0
-0.199,0.0
-3.901,1.0
107.884,8.0
142.225,11.0
98.599,7.0
98.799,14.0
162.742,12.0
176.129,16.0
85.015,9.0
96.240,6.0
169.106,6.0
185.454,12.0
0.626,0.0
181.691,12.0
107.477,14.0
93.651,15.0
160.479,6.0
98.812,6.0
179.457,8.0
140.349,13.0
93.285,7.0
130.658,4.0
102.746,6.0
123.270,14.0
104.746,13.0
189.514,17.0
154.197,6.0
111.032,9.0
189.856,11.0
81.241,6.0
112.367,15.0
83.618,8.0
148.450,9.0
162.514,9.0
136.617,9.0
148.755,14.0
77.869,10.0
114.541,11.0
96.704,13.0
100.956,7.0
138.993,6.0
130.149,13.0
164.292,7.0
116.533,15.0
84.789,10.0
97.208,10.0
170.221,10.0
88.103,10.0
164.189,13.0
125.121,5.0
123.102,6.0
175.208,10.0
85.337,6.0
104.022,4.0
205.550,12.0
157.401,11.0
198.315,15.0
131.361,11.0
96.382,7.0
96.274,6.0
152.016,6.0
72.660,6.0
124.995,12.0
133.894,5.0
136.245,7.0
200.709,11.0
193.755,11.0
112.754,6.0
98.432,10.0
205.888,12.0
170.867,15.0
147.780,6.0
144.629,16.0
138.433,7.0
179.568,15.0
173.089,16.0
128.915,13.0
150.118,15.0
109.779,11.0
73.079,9.0
186.662,4.0
151.531,7.0
130.056,6.0
72.688,16.0
0.669,1.0
167.131,10.0
96.729,13.0
144.798,14.0
138.588,13.0
167.089,9.0
170.363,5.0
140.717,11.0
177.294,4.0
137.426,8.0
141.181,10.0
195.272,13.0
101.909,15.0
99.588,12.0
109.807,4.0
129.306,9.0
82.945,7.0
133.575,6.0
127.386,4.0
178.760,6.0
89.225,6.0
163.786,14.0
187.979,5.0
172.216,7.0
165.301,3.0
176.083,5.0
200.849,13.0
172.780,6.0
-1.500,0.0
177.893,10.0
117.871,16.0
194.210,7.0
123.232,6.0
96.042,9.0
165.657,12.0
121.269,6.0
152.814,8.0
127.099,4.0
207.244,14.0
186.177,4.0
204.859,10.0
195.914,6.0
139.274,3.0
90.612,12.0
187.485,6.0
116.862,9.0
118.911,3.0
130.298,16.0
131.216,7.0
92.992,7.0
202.628,8.0
208.730,16.0
125.553,5.0
77.671,7.0
186.664,10.0
83.291,13.0
193.287,10.0
196.917,5.0
141.523,13.0
139.957,4.0
168.772,11.0
163.097,7.0
130.178,9.0
103.920,15.0
132.539,14.0
179.627,15.0
183.563,7.0
208.054,16.0
141.476,15.0
103.033,11.0
85.282,10.0
116.124,7.0
186.493,4.0
86.559,5.0
72.508,5.0
129.368,7.0
148.131,5.0
178.078,8.0
123.915,17.0
-2.401,1.0
87.049,13.0
196.352,9.0
78.622,11.0
120.475,8.0
112.427,9.0
177.319,11.0
208.503,16.0
194.521,6.0
119.022,8.0
77.412,3.0
168.965,5.0
173.947,5.0
158.345,15.0
192.063,6.0
133.391,13.0
136.431,5.0
114.159,16.0
143.881,15.0
154.837,5.0
168.833,11.0
157.594,7.0
144.139,5.0
102.309,6.0
127.226,13.0
121.124,13.0
201.889,11.0
74.332,5.0
117.777,13.0
109.815,9.0
105.764,8.0
197.037,5.0
137.781,11.0
189.270,15.0
151.974,15.0
181.623,5.0
109.800,13.0
177.780,5.0
146.523,15.0
104.746,6.0
151.698,11.0
182.185,4.0
109.200,13.0
99.767,3.0
95.508,6.0
181.866,5.0
76.888,4.0
148.908,10.0
197.885,10.0
198.072,14.0
171.851,14.0
171.166,11.0
167.547,15.0
181.857,9.0
122.541,14.0
109.101,12.0
137.982,9.0
163.087,11.0
78.401,12.0
171.658,8.0
127.166,8.0
148.791,13.0
125.467,6.0
192.480,10.0
177.864,11.0
144.596,12.0
154.623,16.0
188.303,6.0
140.885,3.0
117.855,3.0
119.041,3.0
104.158,5.0
162.208,7.0
152.247,9.0
196.782,6.0
78.226,15.0
87.877,14.0
109.777,16.0
188.003,7.0
186.099,16.0
135.995,15.0
118.814,16.0
165.551,16.0
71.342,8.0
158.889,13.0
161.758,16.0
168.951,8.0
202.571,12.0
151.640,11.0
191.631,13.0
198.395,7.0
82.070,15.0
168.757,8.0
-0.413,1.0
135.928,16.0
75.651,8.0
185.395,11.0
173.759,12.0
85.079,16.0
84.090,15.0
74.193,11.0
121.762,5.0
141.551,13.0
136.631,12.0
89.224,15.0
123.982,16.0
84.247,16.0
95.651,6.0
200.323,6.0
134.996,7.0
110.267,7.0
133.517,12.0
142.955,6.0
132.171,16.0
209.149,6.0
200.355,14.0
108.426,16.0
79.548,17.0
195.908,6.0
127.984,5.0
132.040,14.0
122.932,13.0
167.368,12.0
122.531,11.0
158.779,4.0
113.804,4.0
175.695,8.0
173.391,13.0
208.126,8.0
138.175,16.0
98.980,14.0
112.043,6.0
79.203,11.0
161.989,8.0
136.845,8.0
114.991,14.0
99.549,14.0
145.987,10.0
179.615,12.0
81.707,12.0
103.654,10.0
153.509,12.0
185.217,4.0
108.493,11.0
146.803,12.0
181.889,14.0
118.652,4.0
151.057,16.0
122.915,16.0
160.971,8.0
186.364,11.0
176.470,11.0
177.900,9.0
78.496,6.0
187.399,16.0
166.354,4.0
91.584,4.0
172.553,15.0
77.164,5.0
80.450,14.0
110.855,9.0
211.607,16.0
195.514,12.0
184.226,10.0
175.044,13.0
91.501,16.0
181.834,12.0
177.971,10.0
172.284,9.0
90.779,11.0
170.610,5.0
121.081,6.0
185.829,9.0
203.302,14.0
162.574,5.0
128.209,16.0
101.761,7.0
129.009,11.0
151.720,8.0
93.831,9.0
105.221,6.0
171.506,11.0
212.406,4.0
183.408,9.0
208.407,6.0
200.191,4.0
142.680,10.0
76.550,10.0
161.904,14.0
137.326,14.0
121.795,13.0
125.620,10.0
194.489,13.0
78.959,8.0
150.979,13.0
151.855,13.0
195.574,8.0
108.785,11.0
110.820,10.0
131.045,15.0
167.546,8.0
194.917,16.0
209.265,15.0
212.346,7.0
197.550,15.0
213.571,13.0
90.301,9.0
164.808,15.0
173.912,4.0
127.685,12.0
126.493,15.0
124.176,9.0
198.922,9.0
82.242,14.0
139.650,5.0
180.454,7.0
113.709,12.0
159.981,17.0
154.261,11.0
184.292,12.0
78.012,14.0
72.464,4.0
162.141,13.0
98.581,14.0
208.444,7.0
99.704,13.0
153.276,7.0
84.672,16.0
184.888,12.0
126.946,15.0
140.922,6.0
147.500,4.0
75.746,12.0
92.147,14.0
148.323,4.0
-1.720,1.0
164.885,11.0
123.711,11.0
118.119,16.0
169.482,11.0
201.894,9.0
93.822,14.0
2.705,1.0
120.901,12.0
189.927,14.0
113.318,16.0
136.194,5.0
105.392,15.0
79.693,8.0
130.089,8.0
174.871,11.0
155.329,7.0
111.817,7.0
137.625,4.0
189.509,11.0
151.435,16.0
145.438,10.0
127.305,8.0
139.923,10.0
167.570,15.0
171.379,5.0
1.379,1.0
100.138,17.0
170.570,12.0
202.912,15.0
206.992,10.0
191.281,15.0
172.733,13.0
90.374,16.0
107.834,6.0
178.463,10.0
132.970,7.0
151.374,5.0
149.791,6.0
142.310,7.0
200.346,9.0
126.201,4.0
172.759,15.0
129.489,14.0
129.330,10.0
107.881,16.0
85.004,13.0
186.236,9.0
107.529,12.0
180.426,8.0
147.983,16.0
143.893,8.0
73.404,7.0
110.476,5.0
83.490,15.0
187.763,8.0
165.303,13.0
123.053,7.0
100.689,5.0
3.768,0.0
183.311,7.0
197.661,4.0
121.118,17.0
108.513,9.0
196.697,6.0
109.869,6.0
196.232,7.0
2.799,0.0
211.394,7.0
120.701,15.0
162.532,5.0
158.873,14.0
206.607,8.0
81.573,10.0
87.914,3.0
193.209,4.0
181.764,11.0
116.912,13.0
151.710,7.0
199.032,5.0
104.234,7.0
109.787,12.0
143.127,12.0
147.730,7.0
212.274,12.0
107.706,17.0
112.625,16.0
74.891,5.0
192.322,14.0
112.540,11.0
119.358,8.0
87.174,12.0
150.605,17.0
148.146,16.0
191.744,12.0
209.675,7.0
103.559,7.0
181.868,14.0
183.122,13.0
112.603,17.0
187.988,5.0
90.686,9.0
99.808,8.0
169.389,12.0
107.378,6.0
207.132,3.0
-1.166,1.0
180.707,14.0
155.486,15.0
165.505,14.0
132.003,12.0
3.888,0.0
186.959,5.0
104.709,8.0
151.757,7.0
189.677,10.0
116.466,6.0
195.395,6.0
199.468,11.0
155.554,11.0
101.932,3.0
141.917,16.0
78.856,4.0
195.075,9.0
174.708,7.0
199.204,11.0
198.163,5.0
136.419,15.0
132.152,5.0
117.725,5.0
173.696,14.0
156.721,15.0
151.624,11.0
191.701,14.0
133.857,6.0
145.287,5.0
121.982,10.0
194.557,4.0
122.716,15.0
154.557,15.0
111.380,6.0
108.761,15.0
160.920,6.0
78.236,5.0
214.078,5.0
164.224,10.0
100.891,17.0
175.082,16.0
200.453,15.0
189.281,14.0
207.724,7.0
156.878,12.0
175.853,10.0
77.145,7.0
160.934,7.0
133.737,10.0
197.996,6.0
135.088,8.0
175.697,6.0
103.330,8.0
211.953,14.0
73.545,5.0
106.009,10.0
213.089,16.0
101.574,5.0
200.086,12.0
139.527,5.0
139.143,6.0
213.365,12.0
192.301,6.0
164.199,9.0
164.943,4.0
139.929,10.0
192.514,5.0
80.746,13.0
172.289,4.0
127.526,14.0
107.770,15.0
124.646,15.0
142.085,9.0
122.761,15.0
122.262,11.0
146.792,13.0
100.500,5.0
86.348,13.0
123.980,13.0
75.261,10.0
138.448,6.0
184.805,8.0
106.240,7.0
120.256,7.0
166.281,6.0
197.981,15.0
180.546,9.0
158.743,5.0
193.999,9.0
205.441,11.0
171.005,9.0
180.049,16.0
188.383,14.0
143.372,14.0
190.412,8.0
156.706,11.0
189.196,6.0
117.258,9.0
121.678,16.0
211.241,11.0
110.121,13.0
86.637,10.0
152.744,12.0
169.484,5.0
78.438,14.0
87.175,4.0
173.703,11.0
151.298,7.0
145.012,11.0
93.760,10.0
95.420,12.0
124.646,14.0
80.383,9.0
175.504,6.0
177.220,14.0
202.683,16.0
187.979,9.0
76.829,15.0
180.368,8.0
90.919,6.0
154.479,12.0
181.772,16.0
103.300,6.0
150.568,11.0
112.488,15.0
172.147,14.0
174.080,12.0
96.330,11.0
202.495,8.0
209.335,11.0
76.337,15.0
169.362,11.0
144.461,8.0
100.080,6.0
138.072,10.0
164.440,11.0
198.010,14.0
204.505,15.0
150.468,12.0
149.811,7.0
183.553,16.0
84.533,9.0
214.213,9.0
78.316,14.0
182.823,5.0
184.249,16.0
197.683,3.0
116.881,7.0
140.578,8.0
161.185,15.0
142.094,11.0
133.794,9.0
207.897,4.0
117.689,15.0
117.236,11.0
77.777,6.0
113.750,8.0
106.213,5.0
104.034,11.0
119.915,16.0
150.576,6.0
208.422,10.0
190.751,8.0
123.177,8.0
184.934,9.0
164.014,10.0
79.136,5.0
179.463,9.0
164.235,16.0
213.750,9.0
197.683,12.0
169.483,7.0
183.184,4.0
100.544,11.0
121.152,7.0
125.631,16.0
78.604,6.0
181.783,13.0
103.026,7.0
214.575,3.0
101.971,15.0
169.190,8.0
187.719,16.0
181.101,6.0
141.212,8.0
189.607,14.0
76.815,7.0
78.341,10.0
101.744,16.0
197.443,12.0
184.442,13.0
199.736,7.0
214.333,17.0
164.061,15.0
157.922,13.0
168.884,15.0
92.497,10.0
142.600,9.0
201.693,15.0
157.102,7.0
136.342,7.0
165.801,4.0
186.788,5.0
210.340,13.0
111.457,7.0
204.274,5.0
89.678,8.0
122.172,4.0
199.192,7.0
126.191,12.0
154.342,12.0
120.964,7.0
88.248,9.0
90.124,13.0
129.701,6.0
157.320,11.0
157.310,7.0
203.888,15.0
178.939,15.0
164.151,4.0
213.314,5.0
160.384,4.0
168.468,10.0
192.031,16.0
106.936,11.0
186.244,5.0
126.661,17.0
140.788,13.0
204.827,5.0
130.641,14.0
115.651,6.0
124.992,15.0
163.429,7.0
183.278,14.0
192.551,11.0
191.194,9.0
126.203,11.0
105.768,15.0
163.445,12.0
127.008,16.0
200.519,9.0
123.257,11.0
133.122,8.0
78.348,14.0
-0.484,1.0
199.879,13.0
191.457,16.0
115.823,16.0
0.946,0.0
86.927,13.0
79.536,17.0
88.187,4.0
103.563,4.0
82.367,11.0
87.443,7.0
124.485,7.0
100.530,13.0
175.719,5.0
117.105,13.0
73.970,16.0
172.166,5.0
140.066,4.0
211.393,4.0
148.644,15.0
154.507,12.0
188.055,14.0
167.089,9.0
151.394,4.0
207.461,10.0
112.555,15.0
120.021,11.0
132.592,9.0
125.645,12.0
186.151,9.0
88.080,6.0
200.840,16.0
122.327,15.0
172.124,15.0
213.663,7.0
80.988,10.0
193.645,5.0
86.340,16.0
-0.889,0.0
95.666,10.0
-2.970,1.0
106.418,6.0
134.996,13.0
133.180,6.0
88.355,8.0
140.839,7.0
97.798,8.0
163.029,4.0
115.992,13.0
0.720,0.0
145.013,7.0
99.430,8.0
123.359,12.0
88.565,15.0
-0.668,0.0
163.408,15.0
80.563,10.0
114.668,12.0
179.107,10.0
100.351,13.0
147.320,8.0
191.841,15.0
168.613,15.0
142.128,5.0
193.114,11.0
84.433,14.0
74.817,13.0
205.131,12.0
133.095,4.0
112.543,17.0
206.770,10.0
93.607,5.0
148.293,8.0
110.265,6.0
165.576,8.0
193.800,9.0
188.664,7.0
196.258,12.0
187.788,12.0
79.457,14.0
199.529,4.0
167.631,15.0
163.243,8.0
187.389,5.0
76.605,10.0
131.272,10.0
84.927,15.0
213.378,7.0
109.559,5.0
148.647,12.0
158.474,13.0
79.426,14.0
190.250,14.0
163.632,9.0
124.693,10.0
105.085,16.0
97.875,12.0
190.284,17.0
112.072,11.0
161.811,15.0
91.358,14.0
185.875,15.0
125.836,14.0
161.535,6.0
159.893,8.0
214.780,12.0
76.615,15.0
77.287,4.0
189.254,10.0
217.002,16.0
168.611,14.0
109.000,9.0
150.506,13.0
134.998,8.0
214.406,5.0
90.705,9.0
98.127,7.0
199.808,8.0
158.283,4.0
160.276,9.0
177.836,9.0
116.727,16.0
103.742,10.0
108.264,11.0
134.533,5.0
124.843,12.0
80.515,6.0
186.208,8.0
212.248,4.0
104.093,5.0
168.654,4.0
-2.833,1.0
185.776,12.0
188.663,10.0
119.374,16.0
203.718,12.0
214.300,3.0
167.975,5.0
159.253,5.0
77.047,8.0
139.894,12.0
166.389,8.0
86.360,17.0
216.541,6.0
104.222,11.0
210.465,14.0
169.122,10.0
83.429,12.0
125.636,9.0
191.795,14.0
200.093,7.0
102.454,7.0
154.163,14.0
145.128,15.0
199.135,12.0
170.396,7.0
169.209,16.0
165.971,5.0
112.906,10.0
145.056,8.0
130.899,17.0
124.946,13.0
119.741,14.0
135.647,7.0
114.539,16.0
198.443,10.0
191.415,10.0
131.592,13.0
85.495,14.0
184.489,6.0
118.925,15.0
86.198,10.0
150.184,14.0
102.303,9.0
116.229,16.0
138.169,15.0
85.576,9.0
91.034,5.0
150.030,10.0
123.433,8.0
73.329,4.0
188.451,6.0
123.920,11.0
195.647,7.0
184.289,16.0
141.216,9.0
89.453,11.0
202.951,16.0
217.128,12.0
178.773,14.0
119.686,14.0
169.283,6.0
183.566,16.0
181.641,18.0
139.325,10.0
135.176,14.0
199.614,13.0
103.284,12.0
201.216,8.0
118.846,15.0
77.655,6.0
218.688,5.0
188.473,14.0
133.577,9.0
145.586,10.0
102.723,5.0
184.563,6.0
211.521,15.0
205.356,15.0
106.598,9.0
121.186,9.0
202.449,16.0
170.544,15.0
79.233,9.0
78.996,15.0
103.235,12.0
151.764,9.0
206.905,9.0
85.638,15.0
168.540,17.0
110.689,14.0
211.535,15.0
145.461,15.0
88.257,5.0
162.955,12.0
175.344,13.0
109.005,11.0
157.429,7.0
178.430,12.0
199.893,4.0
97.904,10.0
153.810,8.0
201.095,7.0
176.625,12.0
112.110,12.0
217.006,7.0
195.751,11.0
161.155,6.0
139.164,4.0
180.175,6.0
188.746,14.0
168.040,10.0
135.386,15.0
85.746,12.0
90.355,5.0
130.634,11.0
-2.626,0.0
87.316,12.0
145.818,7.0
131.675,8.0
166.632,4.0
172.352,6.0
157.520,4.0
120.108,7.0
195.424,10.0
180.933,18.0
81.518,16.0
206.487,7.0
162.016,11.0
128.857,12.0
112.863,15.0
174.447,15.0
85.639,6.0
201.216,7.0
182.926,7.0
88.505,5.0
174.173,14.0
125.075,9.0
90.882,11.0
0.476,1.0
157.546,9.0
92.532,9.0
93.776,9.0
86.341,15.0
131.628,11.0
168.345,13.0
87.913,10.0
110.039,9.0
137.652,10.0
181.537,5.0
134.860,4.0
85.484,5.0
149.350,5.0
136.216,5.0
187.855,10.0
108.557,16.0
123.482,13.0
191.606,14.0
114.707,17.0
164.560,6.0
173.050,16.0
133.636,11.0
202.338,5.0
145.264,13.0
113.442,15.0
86.435,10.0
168.342,12.0
98.154,15.0
171.921,11.0
150.514,14.0
193.853,10.0
198.954,6.0
144.069,10.0
175.190,5.0
203.835,5.0
171.211,14.0
117.744,10.0
76.665,7.0
187.164,16.0
149.460,4.0
131.433,9.0
201.727,3.0
122.773,12.0
141.559,6.0
213.417,7.0
101.114,17.0
131.152,13.0
79.977,9.0
125.497,7.0
207.020,16.0
168.349,10.0
198.326,6.0
90.820,6.0
163.474,15.0
152.487,4.0
177.768,10.0
147.093,12.0
142.742,14.0
188.133,8.0
134.028,4.0
159.423,10.0
175.285,10.0
206.470,10.0
3.661,0.0
173.008,12.0
195.938,16.0
209.969,16.0
187.087,16.0
156.024,7.0
194.906,14.0
213.198,17.0
122.202,4.0
200.307,11.0
1.092,1.0
218.830,7.0
85.747,5.0
87.399,12.0
151.648,11.0
102.172,6.0
114.903,17.0
96.605,15.0
157.318,11.0
85.877,13.0
106.947,11.0
101.312,16.0
148.394,9.0
79.698,17.0
195.322,6.0
111.457,16.0
84.584,6.0
179.163,6.0
112.746,4.0
138.175,4.0
0.990,0.0
184.252,12.0
186.447,15.0
155.661,9.0
1.724,1.0
82.415,13.0
211.976,11.0
145.281,13.0
105.468,9.0
81.658,5.0
88.271,16.0
189.699,14.0
124.918,16.0
174.516,8.0
169.780,5.0
102.896,4.0
119.367,8.0
135.380,17.0
158.253,15.0
138.698,9.0
96.658,13.0
97.469,7.0
171.529,14.0
184.838,14.0
101.820,10.0
175.709,10.0
149.027,18.0
164.835,14.0
85.916,5.0
162.930,5.0
94.986,8.0
218.585,9.0
186.945,13.0
207.767,6.0
107.199,17.0
137.212,10.0
200.318,13.0
157.252,16.0
107.226,15.0
149.265,11.0
180.616,4.0
216.412,7.0
91.552,5.0
210.353,16.0
196.491,12.0
156.701,13.0
78.392,16.0
131.121,6.0
215.738,9.0
196.846,9.0
76.381,13.0
131.450,15.0
148.917,16.0
110.817,9.0
140.760,14.0
143.932,15.0
206.900,14.0
79.119,7.0
94.347,5.0
142.737,15.0
110.849,15.0
183.380,3.0
168.861,12.0
126.719,17.0
108.605,15.0
181.203,17.0
94.507,9.0
208.793,14.0
183.119,8.0
185.238,7.0
107.044,14.0
186.408,13.0
119.136,8.0
152.753,16.0
154.072,11.0
103.711,7.0
166.872,14.0
195.317,15.0
157.131,10.0
153.645,6.0
97.403,9.0
153.905,13.0
131.550,15.0
143.081,15.0
136.836,12.0
153.049,3.0
133.103,7.0
200.668,11.0
110.552,6.0
203.421,5.0
75.366,13.0
97.131,5.0
96.908,3.0
202.487,13.0
175.101,12.0
82.262,15.0
85.608,10.0
219.325,13.0
156.677,7.0
107.373,7.0
123.265,12.0
185.915,12.0
156.446,7.0
177.154,8.0
90.493,9.0
77.365,5.0
102.620,15.0
109.149,8.0
201.172,14.0
121.630,14.0
218.007,13.0
3.770,1.0
156.033,12.0
89.272,14.0