NaN,NaN
-3.887,0.0
-5.034,0.0
-1.821,0.0
-2.024,0.0
-0.957,0.0
-0.141,0.0
1.833,0.0
2.812,0.0
2.270,0.0
7.987,0.0
5.872,0.0
6.376,0.0
4.511,1.0
1.729,0.0
2.808,0.0
1.975,0.0
1.551,0.0
0.714,0.0
0.902,0.0
-0.335,0.0
0.582,0.0
1.584,0.0
3.228,0.0
4.546,0.0
5.055,0.0
4.360,0.0
4.522,1.0
5.706,1.0
-3.707,0.0
10.631,2.0
10.184,2.0
10.169,0.0
3.888,1.0
4.255,1.0
5.908,0.0
4.068,0.0
3.816,1.0
3.017,2.0
3.404,1.0
2.746,0.0
4.746,1.0
8.247,0.0
3.900,0.0
7.233,2.0
10.687,0.0
12.367,0.0
10.195,0.0
15.886,0.0
13.477,0.0
17.928,1.0
11.474,0.0
18.727,0.0
9.598,0.0
9.764,2.0
-6.054,0.0
16.563,1.0
12.453,1.0
9.987,0.0
9.038,0.0
17.183,1.0
17.498,3.0
20.662,2.0
25.135,1.0
13.669,2.0
16.188,0.0
26.335,1.0
12.030,0.0
27.334,0.0
26.014,0.0
25.645,1.0
11.307,0.0
22.335,2.0
17.807,1.0
16.886,0.0
10.163,0.0
16.104,0.0
14.985,1.0
9.245,0.0
13.506,0.0
16.009,0.0
16.918,0.0
12.717,0.0
23.854,0.0
9.372,1.0
24.082,0.0
16.801,1.0
16.439,0.0
9.884,1.0
20.738,0.0
23.558,0.0
15.625,1.0
8.737,1.0
26.058,0.0
22.929,0.0
15.460,0.0
19.168,2.0
14.002,1.0
10.672,0.0
21.567,0.0
19.823,2.0
14.630,1.0
11.019,0.0
22.112,2.0
21.283,2.0
10.461,0.0
17.417,1.0
28.735,1.0
10.246,1.0
23.942,1.0
27.144,0.0
18.941,2.0
11.454,2.0
18.073,0.0
25.180,1.0
15.318,0.0
30.367,0.0
28.657,3.0
32.267,3.0
33.792,3.0
14.500,1.0
21.438,2.0
19.737,3.0
18.340,0.0
24.545,2.0
23.982,1.0
28.336,1.0
18.875,1.0
25.423,2.0
22.398,1.0
28.719,1.0
12.136,0.0
19.054,1.0
12.857,1.0
19.192,1.0
17.357,0.0
21.600,1.0
27.178,2.0
16.491,1.0
27.248,0.0
23.517,2.0
23.034,0.0
25.116,0.0
24.874,0.0
13.431,0.0
11.377,1.0
16.899,1.0
21.245,1.0
13.654,1.0
21.297,0.0
12.444,1.0
15.253,0.0
13.738,1.0
11.991,0.0
26.235,0.0
11.442,0.0
20.276,0.0
22.102,0.0
15.136,0.0
17.397,0.0
28.246,1.0
14.689,0.0
24.711,0.0
23.661,0.0
16.499,0.0
13.072,0.0
26.574,0.0
11.340,1.0
20.492,2.0
24.848,0.0
14.284,0.0
27.890,0.0
29.269,0.0
25.751,1.0
21.882,2.0
13.770,1.0
17.437,1.0
24.299,0.0
19.227,2.0
11.751,2.0
29.129,2.0
12.036,0.0
21.589,1.0
14.140,0.0
36.234,1.0
30.158,2.0
36.081,1.0
27.124,1.0
30.227,2.0
25.245,2.0
27.013,2.0
26.826,0.0
28.837,1.0
19.906,1.0
13.463,0.0
33.788,0.0
28.522,1.0
19.999,2.0
36.855,0.0
23.789,0.0
33.204,1.0
34.734,1.0
29.135,2.0
25.204,1.0
33.407,1.0
29.976,0.0
36.427,3.0
19.895,1.0
38.337,2.0
15.982,2.0
40.358,1.0
35.693,1.0
25.138,0.0
34.386,0.0
0.429,0.0
42.338,1.0
38.307,2.0
20.961,0.0
25.079,2.0
16.047,2.0
41.630,3.0
17.695,1.0
18.353,1.0
18.880,0.0
26.565,0.0
37.701,2.0
35.372,2.0
37.106,3.0
29.093,3.0
21.887,1.0
24.692,1.0
31.922,0.0
29.581,2.0
29.839,1.0
40.953,0.0
30.025,1.0
34.381,1.0
22.598,1.0
16.984,2.0
36.796,2.0
21.328,1.0
33.140,1.0
31.447,1.0
38.696,2.0
27.378,1.0
22.158,4.0
46.509,2.0
39.043,2.0
24.846,1.0
32.012,2.0
38.678,2.0
16.047,0.0
40.734,2.0
39.273,0.0
20.499,2.0
48.310,2.0
41.015,0.0
16.470,3.0
41.959,2.0
34.028,1.0
22.409,1.0
20.658,1.0
17.658,3.0
50.527,3.0
40.781,2.0
42.396,3.0
41.562,1.0
42.572,3.0
29.812,3.0
41.272,2.0
19.905,2.0
31.993,1.0
24.559,0.0
19.966,3.0
32.256,3.0
50.775,4.0
41.658,2.0
23.750,4.0
22.366,1.0
45.933,4.0
46.951,0.0
51.176,1.0
48.681,2.0
52.647,1.0
56.249,3.0
19.378,2.0
34.725,1.0
48.238,3.0
54.918,1.0
55.114,3.0
52.228,1.0
48.895,3.0
51.672,1.0
35.202,2.0
54.377,3.0
51.912,3.0
26.763,4.0
45.877,4.0
29.021,1.0
46.341,1.0
48.041,3.0
50.168,1.0
54.034,2.0
57.259,1.0
36.536,1.0
20.742,1.0
21.746,4.0
42.019,0.0
49.792,2.0
56.276,3.0
37.020,4.0
43.219,3.0
46.342,3.0
52.716,1.0
38.067,2.0
45.537,4.0
38.550,4.0
54.082,2.0
21.760,4.0
59.995,3.0
39.393,4.0
41.711,1.0
63.337,2.0
53.543,4.0
22.851,4.0
48.292,3.0
31.967,4.0
30.172,4.0
42.514,3.0
39.387,5.0
24.542,4.0
55.666,1.0
46.736,4.0
28.026,1.0
39.938,6.0
28.362,2.0
56.726,2.0
22.930,5.0
48.482,1.0
47.330,4.0
32.184,2.0
39.296,4.0
47.141,5.0
47.174,5.0
56.714,4.0
48.127,5.0
57.691,3.0
45.663,2.0
23.876,0.0
66.916,2.0
40.707,5.0
42.417,5.0
64.747,2.0
53.766,3.0
57.094,1.0
41.603,2.0
31.575,5.0
48.464,3.0
34.947,1.0
44.480,1.0
57.698,3.0
31.537,6.0
53.870,2.0
57.669,4.0
51.256,4.0
39.496,3.0
60.903,3.0
41.629,3.0
64.799,2.0
34.188,6.0
35.356,6.0
44.807,5.0
25.765,4.0
60.260,2.0
58.374,2.0
42.992,5.0
24.386,2.0
47.092,2.0
34.967,4.0
28.172,6.0
34.908,3.0
67.863,1.0
30.377,5.0
52.005,3.0
55.163,3.0
54.062,1.0
28.623,4.0
66.772,5.0
51.353,5.0
42.897,6.0
65.790,2.0
43.599,1.0
62.539,3.0
54.698,6.0
63.200,2.0
54.490,5.0
30.008,1.0
39.710,2.0
39.444,6.0
36.057,1.0
47.945,4.0
34.925,6.0
33.395,2.0
58.888,6.0
55.570,3.0
27.577,2.0
26.664,4.0
24.454,4.0
28.513,5.0
45.892,6.0
43.821,4.0
37.875,2.0
37.604,5.0
27.305,2.0
27.054,6.0
34.153,5.0
48.826,7.0
66.381,2.0
51.966,2.0
45.304,7.0
68.949,2.0
47.862,3.0
58.292,2.0
25.175,4.0
51.233,4.0
45.167,1.0
62.110,5.0
66.551,3.0
48.460,3.0
35.327,3.0
69.517,2.0
67.202,3.0
31.118,2.0
52.157,6.0
52.257,2.0
27.081,3.0
30.134,3.0
71.271,3.0
56.091,3.0
65.803,5.0
47.277,3.0
64.272,2.0
55.288,6.0
53.871,6.0
47.852,2.0
54.858,5.0
68.918,2.0
56.776,2.0
57.033,0.0
44.327,2.0
71.589,2.0
26.068,3.0
40.735,2.0
32.287,6.0
65.211,3.0
46.712,4.0
38.816,2.0
29.271,4.0
63.628,5.0
35.571,7.0
53.415,5.0
65.908,5.0
70.745,5.0
41.523,1.0
46.130,2.0
48.748,3.0
31.049,6.0
53.949,1.0
68.466,4.0
50.718,5.0
32.283,4.0
58.290,1.0
46.339,1.0
30.771,1.0
44.277,4.0
26.796,3.0
75.471,6.0
56.780,6.0
41.820,5.0
69.417,2.0
60.906,6.0
42.696,0.0
38.270,5.0
67.676,4.0
73.320,1.0
65.142,3.0
48.875,7.0
64.883,4.0
31.665,5.0
72.813,7.0
35.309,1.0
55.564,4.0
26.978,7.0
44.599,2.0
68.795,4.0
61.404,3.0
49.851,2.0
48.325,5.0
67.970,1.0
41.206,6.0
47.288,1.0
37.969,5.0
53.348,2.0
58.274,1.0
72.137,4.0
61.393,5.0
28.394,6.0
48.168,3.0
35.740,2.0
62.414,4.0
28.729,5.0
43.601,6.0
59.553,6.0
41.938,4.0
57.271,3.0
62.492,2.0
65.671,6.0
63.027,4.0
66.884,5.0
41.054,4.0
77.193,2.0
51.061,2.0
45.798,5.0
27.869,4.0
27.031,1.0
68.678,1.0
51.946,4.0
56.302,4.0
38.627,5.0
49.902,2.0
53.199,3.0
50.711,1.0
56.874,4.0
34.415,1.0
62.775,6.0
65.050,7.0
60.564,6.0
54.491,5.0
56.172,1.0
75.966,5.0
51.791,6.0
44.602,2.0
68.161,2.0
30.083,4.0
28.538,3.0
55.939,4.0
40.897,4.0
70.835,5.0
70.333,1.0
28.374,4.0
68.215,5.0
61.109,6.0
69.619,7.0
35.941,4.0
69.675,3.0
37.819,2.0
29.051,4.0
70.697,6.0
75.723,5.0
53.731,5.0
68.410,4.0
70.986,2.0
52.012,2.0
57.922,3.0
73.260,4.0
57.201,7.0
53.210,7.0
74.522,1.0
73.596,3.0
35.254,5.0
49.890,4.0
71.878,6.0
50.319,5.0
74.156,3.0
60.705,4.0
33.547,5.0
70.164,3.0
51.764,5.0
53.215,1.0
29.512,6.0
43.636,6.0
54.875,2.0
77.639,5.0
33.748,4.0
73.657,3.0
34.556,3.0
79.015,1.0
37.260,5.0
31.534,2.0
79.019,2.0
71.635,4.0
30.301,3.0
38.232,1.0
61.585,3.0
68.851,4.0
79.981,3.0
30.900,6.0
55.711,2.0
58.757,3.0
33.599,5.0
51.939,2.0
43.239,7.0
75.889,2.0
55.375,5.0
57.932,3.0
34.836,2.0
41.528,7.0
28.300,6.0
66.760,6.0
26.914,4.0
61.196,2.0
63.372,5.0
63.257,3.0
77.303,3.0
34.022,5.0
75.218,2.0
42.560,3.0
57.562,2.0
40.174,5.0
78.105,5.0
79.348,5.0
76.289,6.0
38.879,3.0
45.123,4.0
63.037,4.0
39.193,4.0
59.248,3.0
60.435,5.0
67.979,5.0
75.874,5.0
74.698,6.0
59.293,2.0
46.898,5.0
63.563,2.0
69.215,2.0
51.240,4.0
59.326,3.0
77.527,4.0
78.549,2.0
32.424,6.0
37.949,3.0
61.167,5.0
71.688,6.0
62.436,3.0
55.296,2.0
49.879,2.0
62.499,6.0
36.790,4.0
31.585,0.0
70.114,6.0
66.880,3.0
77.055,1.0
30.786,4.0
40.417,2.0
63.973,6.0
55.261,4.0
50.086,5.0
39.558,4.0
56.291,3.0
73.296,5.0
68.985,4.0
47.385,2.0
47.189,3.0
47.057,5.0
36.918,1.0
39.050,6.0
48.764,4.0
34.623,5.0
45.398,4.0
39.314,6.0
34.349,4.0
46.185,0.0
57.901,4.0
29.273,5.0
75.290,6.0
28.463,5.0
74.049,4.0
48.660,4.0
44.520,6.0
35.170,5.0
38.587,2.0
29.057,4.0
53.320,4.0
76.315,6.0
30.897,1.0
67.440,2.0
28.296,4.0
54.006,5.0
67.012,3.0
59.827,2.0
47.551,4.0
80.384,3.0
34.428,4.0
33.673,5.0
55.605,1.0
50.161,3.0
73.322,3.0
68.753,6.0
53.743,4.0
63.103,5.0
39.318,2.0
64.150,2.0
41.551,2.0
34.855,2.0
33.958,2.0
45.876,3.0
28.663,3.0
49.438,4.0
81.890,5.0
44.483,1.0
41.948,4.0
79.458,3.0
36.387,4.0
37.145,2.0
70.422,7.0
36.255,1.0
29.026,7.0
81.722,5.0
80.740,5.0
42.968,2.0
42.812,2.0
66.044,2.0
44.636,1.0
44.423,2.0
77.379,2.0
56.086,4.0
-0.336,0.0
59.472,3.0
55.017,6.0
74.831,3.0
81.163,4.0
60.251,5.0
60.613,2.0
43.411,4.0
42.304,4.0
65.439,2.0
36.134,3.0
55.326,5.0
35.544,3.0
55.598,1.0
46.176,1.0
39.499,5.0
78.325,5.0
69.075,4.0
83.939,3.0
75.007,1.0
63.737,0.0
64.905,1.0
49.666,4.0
62.733,3.0
46.808,2.0
37.939,4.0
34.681,6.0
39.569,7.0
79.077,5.0
44.481,3.0
69.419,4.0
63.094,3.0
75.493,6.0
34.390,2.0
56.024,3.0
83.691,5.0
62.276,5.0
71.774,3.0
66.190,6.0
80.844,5.0
35.108,2.0
37.736,6.0
81.929,4.0
57.561,7.0
48.433,6.0
37.871,2.0
44.962,5.0
31.159,4.0
51.010,2.0
55.886,6.0
72.523,4.0
57.418,5.0
74.248,1.0
55.135,2.0
82.279,5.0
79.201,0.0
31.747,6.0
62.177,3.0
52.743,3.0
77.271,2.0
65.913,6.0
30.985,4.0
67.207,3.0
63.100,3.0
37.347,4.0
78.347,6.0
82.355,2.0
77.040,3.0
81.231,3.0
72.458,5.0
50.160,4.0
81.924,2.0
51.406,4.0
51.786,4.0
41.599,3.0
38.251,1.0
43.218,3.0
85.479,6.0
60.004,5.0
43.912,2.0
62.214,4.0
66.749,5.0
75.861,6.0
32.445,4.0
54.472,6.0
74.227,2.0
82.901,4.0
56.807,7.0
60.294,6.0
59.035,3.0
73.626,5.0
80.157,5.0
38.252,6.0
62.737,6.0
81.148,5.0
56.473,4.0
67.562,6.0
81.316,3.0
63.064,3.0
49.519,4.0
43.074,5.0
67.009,6.0
63.783,4.0
56.017,5.0
71.203,4.0
80.518,6.0
84.324,5.0
49.559,6.0
61.104,4.0
36.861,6.0
31.874,4.0
66.042,2.0
70.363,4.0
67.235,5.0
68.238,6.0
59.493,6.0
30.453,2.0
33.600,1.0
56.344,5.0
50.120,4.0
46.576,5.0
30.448,3.0
71.296,4.0
32.195,4.0
67.183,3.0
46.676,6.0
81.198,0.0
56.509,4.0
47.776,6.0
-3.760,0.0
81.254,4.0
78.715,4.0
41.350,6.0
41.585,4.0
83.062,1.0
79.654,5.0
69.724,3.0
64.162,6.0
79.371,4.0
63.292,6.0
71.589,2.0
37.650,3.0
61.791,2.0
81.854,4.0
56.715,2.0
83.517,5.0
56.837,3.0
48.538,6.0
78.564,4.0
63.607,6.0
60.056,5.0
31.207,3.0
36.861,0.0
63.221,7.0
64.977,3.0
32.011,2.0
52.455,4.0
70.641,4.0
66.231,7.0
83.665,7.0
49.939,3.0
39.286,3.0
31.392,5.0
81.713,2.0
70.564,5.0
78.153,4.0
44.997,4.0
65.799,4.0
78.618,5.0
58.706,6.0
77.247,2.0
54.985,4.0
79.189,6.0
41.873,6.0
77.199,6.0
74.461,4.0
30.052,4.0
64.742,5.0
55.958,4.0
46.588,0.0
64.985,5.0
74.316,3.0
66.967,5.0
59.806,6.0
53.163,2.0
80.839,4.0
53.125,3.0
86.755,5.0
36.893,4.0
72.625,2.0
44.443,5.0
86.601,2.0
59.078,3.0
76.525,5.0
57.855,1.0
43.496,4.0
36.063,6.0
37.363,3.0
-1.026,0.0
65.425,5.0
32.625,3.0
47.196,5.0
44.095,5.0
65.046,5.0
31.841,2.0
87.616,5.0
77.187,5.0
-0.867,0.0
74.891,5.0
78.880,4.0
54.682,5.0
62.218,6.0
86.243,4.0
83.502,5.0
60.888,2.0
62.402,2.0
38.928,1.0
37.700,1.0
74.572,2.0
50.603,5.0
44.378,4.0
90.076,5.0
35.302,4.0
52.776,4.0
63.754,7.0
45.677,6.0
41.474,0.0
53.480,4.0
31.305,7.0
76.450,6.0
74.741,5.0
35.083,3.0
41.011,4.0
76.389,4.0
48.050,2.0
59.480,0.0
49.919,6.0
49.824,7.0
73.103,3.0
60.705,3.0
83.027,3.0
42.541,5.0
49.554,4.0
36.817,2.0
48.118,3.0
73.156,4.0
45.190,3.0
52.286,6.0
79.977,2.0
33.555,5.0
63.053,3.0
44.420,3.0
49.439,6.0
32.754,6.0
50.197,4.0
33.759,6.0
30.801,1.0
58.186,5.0
57.560,3.0
46.159,3.0
39.424,4.0
72.125,5.0
46.001,1.0
89.306,2.0
74.787,7.0
90.122,4.0
32.571,4.0
81.526,4.0
86.426,7.0
66.650,2.0
32.914,2.0
85.225,2.0
55.238,5.0
49.023,5.0
67.740,3.0
53.754,4.0
43.330,7.0
49.540,3.0
69.101,6.0
79.309,2.0
80.515,3.0
79.456,1.0
30.849,7.0
60.947,5.0
32.179,3.0
47.384,1.0
57.768,2.0
42.714,6.0
54.204,6.0
68.101,6.0
43.156,4.0
53.568,1.0
62.037,2.0
71.357,6.0
54.324,4.0
47.118,7.0
52.385,4.0
46.236,2.0
61.504,6.0
-2.903,0.0
73.065,2.0
69.954,2.0
57.072,5.0
88.221,4.0
53.605,2.0
33.863,6.0
42.293,1.0
59.182,2.0
1.124,0.0
59.254,4.0
88.450,4.0
52.503,3.0
44.284,6.0
58.547,3.0
35.595,6.0
85.595,4.0
59.003,3.0
86.592,2.0
33.128,6.0
86.417,3.0
48.932,4.0
41.360,5.0
44.074,7.0
48.786,5.0
60.933,5.0
83.253,2.0
63.138,6.0
67.070,5.0
49.081,7.0
61.549,4.0
55.818,4.0
69.003,2.0
45.474,3.0
88.682,4.0
66.368,2.0
43.898,2.0
36.394,6.0
46.357,3.0
85.027,3.0
77.217,2.0
64.228,2.0
77.597,7.0
48.039,5.0
55.009,6.0
86.273,7.0
60.948,3.0
78.335,4.0
52.642,5.0
80.294,3.0
36.102,3.0
73.411,6.0
77.828,5.0
56.239,4.0
40.250,3.0
61.584,4.0
86.489,6.0
46.475,4.0
69.692,3.0
54.883,3.0
39.003,5.0
45.336,5.0
61.282,5.0
43.759,5.0
63.733,4.0
86.182,4.0
36.890,2.0
50.572,4.0
63.956,5.0
55.881,2.0
63.017,6.0
52.392,5.0
39.780,2.0
57.859,8.0
83.804,2.0
55.080,2.0
82.487,6.0
81.069,1.0
84.792,4.0
73.340,2.0
90.761,4.0
49.120,5.0
86.600,3.0
61.927,3.0
35.870,7.0
77.681,5.0
61.323,6.0
33.964,3.0
71.976,5.0
78.926,2.0
55.012,3.0
78.641,4.0
78.475,4.0
-6.291,0.0
67.127,5.0
48.620,3.0
62.469,3.0
76.844,3.0
0.658,0.0
37.228,7.0
51.586,2.0
63.973,6.0
43.776,7.0
61.282,2.0
61.452,2.0
62.479,4.0
46.430,6.0
39.674,4.0
80.017,5.0
38.920,5.0
67.343,4.0
64.242,4.0
71.016,4.0
92.972,4.0
61.847,3.0
58.632,4.0
72.918,5.0
57.474,3.0
74.060,6.0
69.171,6.0
84.862,3.0
59.761,6.0
80.619,6.0
60.311,1.0
46.178,7.0
65.882,3.0
57.183,6.0
77.682,5.0
82.639,4.0
82.712,5.0
61.343,6.0
75.289,7.0
72.707,2.0
33.277,4.0
56.105,6.0
78.749,3.0
49.998,3.0
72.464,4.0
35.722,6.0
69.457,5.0
67.834,6.0
49.733,6.0
73.389,6.0
35.406,5.0
67.272,2.0
85.973,3.0
31.581,1.0
34.765,1.0
58.312,3.0
93.158,6.0
64.550,4.0
53.501,3.0
36.238,7.0
45.579,0.0
89.128,3.0
60.086,3.0
61.983,5.0
73.351,5.0
46.987,2.0
63.961,4.0
-6.271,0.0
87.123,3.0
73.452,2.0
50.478,5.0
38.368,4.0
58.383,5.0
39.795,5.0
78.259,3.0
70.540,4.0
66.047,5.0
46.202,5.0
71.675,5.0
49.552,4.0
48.169,5.0
85.959,4.0
57.813,3.0
32.957,7.0
77.197,3.0
34.259,5.0
65.375,0.0
46.196,5.0
48.687,3.0
91.427,5.0
65.684,2.0
67.292,2.0
36.738,4.0
56.257,7.0
78.820,3.0
87.742,3.0
76.075,7.0
76.049,3.0
92.543,6.0
35.303,2.0
89.950,3.0
68.575,5.0
68.750,2.0
84.434,1.0
78.515,5.0
51.062,7.0
79.607,3.0
52.842,5.0
78.679,4.0
86.216,4.0
45.616,4.0
74.418,1.0
81.714,4.0
93.395,3.0
32.286,2.0
57.395,4.0
65.958,5.0
85.693,6.0
52.273,4.0
61.979,3.0
-3.040,0.0
68.129,6.0
77.654,5.0
38.637,6.0
69.212,6.0
42.180,2.0
81.546,8.0
73.370,5.0
66.141,5.0
40.516,2.0
63.344,6.0
79.718,4.0
92.169,4.0
84.617,5.0
35.820,2.0
73.766,3.0
59.548,6.0
45.338,2.0
38.552,2.0
58.418,3.0
32.846,7.0
58.392,2.0
36.557,3.0
39.974,4.0
61.758,2.0
69.587,6.0
83.563,7.0
36.313,4.0
95.412,2.0
40.635,6.0
93.228,6.0
-3.395,0.0
39.925,7.0
48.131,1.0
46.018,1.0
37.971,5.0
95.601,5.0
40.692,5.0
94.922,6.0
94.390,3.0
77.969,1.0
89.677,5.0
58.789,3.0
88.500,4.0
94.830,6.0
47.890,3.0
70.701,6.0
32.344,1.0
47.387,4.0
85.401,5.0
39.894,3.0
81.020,2.0
85.243,3.0
79.313,2.0
49.527,5.0
55.973,3.0
84.846,6.0
89.136,2.0
32.638,4.0
64.899,2.0
48.032,2.0
93.572,4.0
46.108,2.0
61.088,1.0
33.613,6.0
37.840,3.0
51.757,3.0
88.983,3.0
78.417,5.0
63.500,6.0
48.728,6.0
84.772,2.0
70.556,7.0
33.649,6.0
52.046,7.0
78.659,6.0
50.811,5.0
38.176,3.0
37.267,4.0
90.105,3.0
-5.062,0.0
93.144,1.0
41.569,4.0
53.518,4.0
64.208,2.0
57.260,7.0
90.661,7.0
40.941,2.0
51.114,7.0
92.584,7.0
43.466,5.0
58.327,3.0
45.084,4.0
40.836,5.0
33.964,5.0
58.383,4.0
87.490,5.0
89.813,6.0
66.547,2.0
54.237,7.0
86.864,2.0
81.484,5.0
91.031,2.0
86.603,6.0
80.021,3.0
94.253,2.0
77.308,3.0
95.191,3.0
42.268,2.0
33.649,4.0
60.890,3.0
39.019,3.0
42.467,3.0
67.399,7.0
64.217,5.0
61.596,6.0
77.441,6.0
-1.648,0.0
61.080,2.0
39.371,7.0
90.594,3.0
70.275,7.0
40.523,5.0
46.609,3.0
95.278,7.0
47.813,4.0
46.438,3.0
46.078,4.0
91.286,2.0
93.340,4.0
-0.538,0.0
91.544,7.0
89.827,3.0
47.940,6.0
-1.436,0.0
77.140,8.0
91.858,5.0
51.528,6.0
46.634,3.0
62.410,4.0
94.270,2.0
41.939,2.0
93.308,4.0
89.735,3.0
46.455,7.0
97.136,6.0
80.854,2.0
77.894,2.0
92.877,4.0
86.905,4.0
47.931,2.0
78.341,7.0
41.874,3.0
71.921,5.0
51.443,3.0
39.873,7.0
47.314,7.0
61.396,6.0
96.465,5.0
72.169,2.0
35.711,7.0
61.470,5.0
89.257,2.0
71.440,4.0
71.828,3.0
97.701,1.0
40.476,7.0
49.578,4.0
68.577,2.0
68.276,4.0
61.107,6.0
56.642,3.0
-5.422,0.0
49.892,6.0
85.815,2.0
36.692,3.0
46.672,4.0
51.537,6.0
88.343,5.0
66.517,5.0
49.707,2.0
85.716,6.0
80.136,1.0
45.455,6.0
41.956,5.0
44.395,2.0
49.917,4.0
97.205,3.0
43.024,5.0
91.529,4.0
36.549,3.0
90.854,3.0
-3.431,0.0
74.341,5.0
47.371,5.0
79.705,3.0
57.971,3.0
74.877,6.0
96.371,3.0
65.082,5.0
86.551,2.0
94.112,6.0
73.503,6.0
64.688,8.0
72.155,1.0
83.911,2.0
57.810,4.0
43.995,7.0
69.932,5.0
57.480,2.0
33.756,5.0
58.009,3.0
63.016,3.0
80.424,3.0
90.949,2.0
96.273,3.0
39.589,3.0
67.746,6.0
92.679,5.0
85.687,4.0
52.444,4.0
90.935,6.0
83.350,6.0
46.339,2.0
67.893,7.0
58.745,5.0
80.073,5.0
53.987,7.0
64.492,8.0
62.154,7.0
69.503,6.0
52.447,5.0
56.584,6.0
61.935,7.0
47.145,3.0
45.131,6.0
52.758,2.0
64.615,4.0
91.643,7.0
48.612,7.0
94.906,6.0
95.478,3.0
96.141,2.0
85.686,3.0
80.426,2.0
43.217,3.0
91.719,4.0
42.855,4.0
68.404,2.0
91.745,4.0
82.293,6.0
61.598,4.0
88.828,5.0
50.869,1.0
68.785,6.0
82.301,2.0
96.426,3.0
72.906,2.0
87.207,4.0
63.032,3.0
70.084,7.0
99.391,1.0
91.516,4.0
79.990,2.0
95.795,1.0
99.117,6.0
70.673,4.0
83.561,5.0
99.706,5.0
90.914,6.0
52.642,4.0
67.197,7.0
62.986,5.0
49.551,7.0
96.510,3.0
40.680,5.0
54.708,3.0
55.720,1.0
61.359,2.0
63.184,2.0
49.915,6.0
52.801,6.0
53.521,3.0
38.656,2.0
55.563,3.0
37.675,7.0
33.802,7.0
38.612,6.0
64.514,2.0
97.927,2.0
39.714,5.0
62.440,4.0
36.582,5.0
36.505,3.0
47.440,2.0
56.089,6.0
95.621,4.0
96.673,4.0
45.063,5.0
79.719,3.0
49.581,3.0
84.250,6.0
61.225,2.0
91.457,0.0
36.009,2.0
94.376,5.0
38.589,6.0
94.855,6.0
96.975,4.0
85.211,2.0
61.807,5.0
82.708,4.0
94.441,1.0
67.358,1.0
93.681,2.0
93.013,5.0
97.009,2.0
40.738,3.0
57.789,4.0
94.314,2.0
95.782,3.0
53.610,5.0
83.041,3.0
82.273,1.0
50.808,6.0
87.291,2.0
74.223,3.0
91.874,4.0
54.838,6.0
91.968,3.0
56.895,6.0
46.091,6.0
76.550,3.0
81.152,3.0
46.567,8.0
99.065,1.0
74.355,6.0
44.459,6.0
56.025,3.0
83.877,6.0
80.209,7.0
62.556,5.0
98.719,5.0
41.799,6.0
46.948,6.0
84.556,4.0
75.117,7.0
68.476,5.0
87.012,7.0
61.485,6.0
49.959,5.0
69.514,5.0
81.857,2.0
63.505,6.0
56.611,4.0
74.101,4.0
87.242,1.0
93.699,1.0
96.618,5.0
71.560,1.0
96.418,4.0
45.812,2.0
89.842,5.0
63.657,6.0
68.401,2.0
50.418,6.0
71.298,3.0
61.096,5.0
59.231,4.0
36.516,7.0
36.553,5.0
59.514,4.0
54.471,7.0
53.731,4.0
40.696,3.0
91.226,5.0
75.975,4.0
99.327,3.0
43.400,5.0
100.465,4.0
81.479,6.0
58.222,4.0
53.855,4.0
92.083,1.0
50.516,6.0
91.870,4.0
49.825,4.0
52.081,2.0
56.919,7.0
89.557,6.0
44.377,0.0
40.811,5.0
54.992,7.0
68.410,5.0
59.331,4.0
60.066,4.0
51.490,3.0
99.185,4.0
97.291,4.0
48.821,5.0
101.503,3.0
73.323,5.0
54.674,3.0
70.549,5.0
69.167,5.0
41.383,6.0
94.664,6.0
89.418,3.0
74.675,6.0
36.308,5.0
51.277,2.0
61.450,1.0
49.775,6.0
78.756,4.0
41.463,4.0
82.095,4.0
71.662,4.0
76.435,2.0
100.305,3.0
77.495,7.0
85.481,6.0
67.806,3.0
102.030,5.0
60.350,7.0
82.460,6.0
86.100,5.0
44.518,5.0
101.460,7.0
41.928,6.0
72.950,3.0
77.491,6.0
47.837,4.0
77.772,3.0
45.020,7.0
93.801,6.0
64.177,4.0
40.805,6.0
83.156,4.0
91.008,5.0
42.115,3.0
99.777,6.0
78.536,7.0
69.652,3.0
50.673,3.0
41.456,3.0
56.235,5.0
50.960,5.0
94.525,4.0
75.779,7.0
74.817,6.0
73.976,8.0
95.876,3.0
77.657,0.0
98.671,3.0
90.288,8.0
102.319,5.0
64.725,1.0
94.925,3.0
35.152,5.0
91.510,4.0
90.142,6.0
70.901,2.0
72.182,4.0
85.535,5.0
72.240,3.0
37.435,6.0
87.216,2.0
86.898,7.0
82.004,3.0
101.526,4.0
61.438,6.0
67.441,3.0
65.771,7.0
83.940,3.0
89.486,5.0
77.395,3.0
59.232,4.0
85.524,2.0
70.622,3.0
88.325,3.0
40.934,2.0
91.539,6.0
65.461,6.0
69.225,7.0
57.714,6.0
68.258,5.0
74.090,7.0
42.792,2.0
48.180,8.0
66.594,7.0
81.268,4.0
59.264,4.0
57.592,7.0
65.824,7.0
93.255,5.0
84.975,2.0
60.029,7.0
91.925,5.0
102.672,7.0
85.731,6.0
94.493,4.0
55.579,1.0
-0.899,0.0
96.455,2.0
43.423,7.0
75.953,2.0
70.436,3.0
48.555,6.0
42.177,7.0
98.462,2.0
59.963,5.0
103.421,3.0
45.933,3.0
68.408,4.0
36.580,3.0
77.151,4.0
40.065,2.0
74.548,7.0
94.597,5.0
-3.766,0.0
57.485,1.0
36.994,4.0
77.924,4.0
70.919,5.0
66.570,7.0
59.496,2.0
93.859,5.0
44.183,6.0
48.365,2.0
83.384,3.0
68.848,7.0
97.603,3.0
48.840,6.0
102.745,5.0
75.372,4.0
100.208,4.0
64.526,6.0
82.603,7.0
85.289,7.0
48.122,6.0
76.797,4.0
46.916,2.0
92.619,5.0
40.149,1.0
93.340,6.0
101.134,3.0
87.115,3.0
104.429,2.0
-0.673,0.0
50.774,4.0
78.741,6.0
57.734,5.0
52.641,6.0
66.614,3.0
57.397,3.0
75.114,3.0
89.002,2.0
44.431,4.0
66.821,1.0
45.091,5.0
49.538,7.0
60.858,6.0
54.070,3.0
42.920,2.0
82.946,3.0
63.881,6.0
66.326,3.0
48.211,8.0
90.051,7.0
100.202,3.0
69.674,5.0
42.022,7.0
81.972,2.0
54.493,2.0
67.161,7.0
37.266,6.0
-5.162,0.0
87.546,4.0
95.238,2.0
54.411,3.0
59.794,3.0
75.670,6.0
88.621,7.0
103.779,3.0
50.439,7.0
49.008,3.0
51.360,5.0
76.039,5.0
38.358,6.0
71.165,3.0
39.852,6.0
97.608,2.0
-4.046,0.0
70.718,4.0
71.538,1.0
90.719,7.0
67.836,4.0
55.249,6.0
104.804,7.0
89.194,4.0
101.864,6.0
40.964,3.0
64.232,4.0
89.114,4.0
82.837,2.0
59.581,3.0
84.814,7.0
43.039,7.0
82.505,1.0
96.953,5.0
91.939,5.0
50.339,4.0
69.801,6.0
58.032,4.0
54.378,4.0
60.592,3.0
88.090,3.0
71.756,1.0
74.567,7.0
70.908,6.0
90.542,7.0
101.971,4.0
100.626,6.0
55.211,1.0
93.530,7.0
68.627,4.0
40.598,3.0
72.463,6.0
90.017,5.0
38.610,4.0
41.602,4.0
79.093,2.0
81.020,7.0
83.624,6.0
98.444,4.0
77.687,5.0
77.745,3.0
40.487,5.0
59.943,6.0
42.356,3.0
99.170,2.0
101.407,7.0
59.981,6.0
83.120,6.0
79.433,7.0
96.267,8.0
55.098,2.0
86.656,2.0
72.809,1.0
73.178,4.0
100.547,2.0
101.192,2.0
99.008,3.0
67.092,6.0
95.791,2.0
37.474,6.0
39.976,6.0
104.126,6.0
96.099,7.0
54.779,5.0
68.900,5.0
47.255,3.0
77.284,4.0
68.574,3.0
91.481,5.0
62.249,3.0
61.766,4.0
37.811,1.0
66.798,4.0
74.067,6.0
50.936,6.0
39.513,5.0
47.402,7.0
62.334,3.0
80.890,1.0
82.533,3.0
59.671,3.0
48.653,3.0
86.056,6.0
58.733,6.0
70.064,2.0
67.652,3.0
64.609,3.0
61.177,5.0
92.994,6.0
75.938,7.0
103.064,3.0
47.104,3.0
65.569,4.0
100.242,1.0
61.613,3.0
-0.560,0.0
43.856,4.0
38.540,7.0
52.979,2.0
77.469,4.0
37.797,6.0
68.650,1.0
75.161,5.0
79.594,7.0
56.793,6.0
105.709,3.0
72.617,2.0
99.706,8.0
82.296,4.0
43.355,5.0
55.857,5.0
84.689,3.0
87.059,4.0
103.113,2.0
38.461,4.0
85.764,2.0
48.589,4.0
51.146,3.0
65.670,6.0
44.737,1.0
50.783,8.0
56.627,6.0
67.902,2.0
84.955,4.0
-2.592,0.0
95.987,4.0
83.652,4.0
104.171,7.0
78.175,7.0
45.774,4.0
48.995,6.0
97.169,6.0
103.246,6.0
43.444,4.0
58.117,8.0
87.335,4.0
44.294,8.0
57.577,2.0
82.521,2.0
70.365,3.0
78.271,3.0
60.669,5.0
74.225,4.0
63.200,8.0
85.881,3.0
66.053,6.0
101.466,2.0
75.303,7.0
89.805,7.0
46.064,3.0
89.741,7.0
49.632,6.0
48.056,7.0
78.515,3.0
108.412,3.0
60.488,6.0
81.415,4.0
66.845,5.0
67.306,2.0
50.494,4.0
95.885,4.0
93.078,7.0
90.752,4.0
80.206,4.0
99.156,7.0
39.352,7.0
66.667,5.0
80.619,2.0
101.466,7.0
104.341,2.0
59.349,7.0
75.852,7.0
99.496,6.0
78.956,2.0
60.212,2.0
89.202,8.0
98.064,3.0
54.072,7.0
-5.253,0.0
68.931,8.0
95.004,6.0
108.568,2.0
44.677,0.0
60.301,6.0
77.121,5.0
102.097,6.0
85.182,2.0
96.130,2.0
48.280,5.0
55.435,2.0
105.867,6.0
105.773,7.0
107.566,1.0
87.168,3.0
95.752,2.0
64.583,6.0
59.003,8.0
69.752,4.0
60.784,8.0
55.405,6.0
75.134,2.0
58.382,5.0
64.883,8.0
78.386,8.0
55.210,6.0
90.873,5.0
83.192,2.0
74.560,5.0
109.795,6.0
77.183,3.0
61.314,5.0
57.974,7.0
106.023,6.0
85.566,5.0
85.511,8.0
64.125,9.0
104.959,4.0
102.214,5.0
38.905,5.0
57.223,6.0
107.764,5.0
71.062,3.0
62.102,7.0
109.559,8.0
59.877,7.0
78.639,6.0
75.894,6.0
91.300,5.0
49.621,3.0
80.057,5.0
71.753,4.0
51.133,7.0
98.889,3.0
73.767,4.0
61.128,7.0
67.412,8.0
45.682,3.0
107.836,2.0
104.684,7.0
87.704,4.0
83.423,5.0
-0.522,0.0
38.473,2.0
81.612,5.0
100.723,4.0
68.380,6.0
73.776,4.0
77.984,0.0
71.805,5.0
97.717,8.0
43.044,5.0
49.706,3.0
48.234,4.0
93.885,5.0
78.889,9.0
57.607,8.0
55.514,1.0
-4.672,0.0
91.932,3.0
107.017,6.0
85.002,4.0
101.405,8.0
93.630,1.0
74.491,5.0
51.750,3.0
62.852,7.0
76.242,8.0
50.666,3.0
104.311,3.0
89.874,3.0
71.014,6.0
72.224,2.0
99.963,8.0
42.069,4.0
84.704,4.0
67.004,4.0
60.019,4.0
66.009,4.0
77.355,6.0
82.953,5.0
66.275,6.0
80.961,3.0
89.361,6.0
78.834,7.0
54.319,7.0
113.513,7.0
84.881,4.0
41.415,2.0
107.332,7.0
44.155,3.0
103.935,6.0
48.614,3.0
74.108,7.0
-5.985,0.0
92.388,6.0
100.216,6.0
43.684,6.0
57.608,2.0
80.470,7.0
101.888,7.0
65.191,4.0
41.251,0.0
101.291,7.0
62.731,3.0
58.631,3.0
52.779,5.0
107.318,4.0
48.696,5.0
105.767,2.0
70.991,7.0
55.891,5.0
45.788,5.0
75.641,3.0
90.242,3.0
49.457,5.0
81.579,6.0
102.964,0.0
111.803,7.0
77.428,2.0
82.221,3.0
47.528,3.0
91.212,3.0
62.868,4.0
77.755,4.0
103.217,3.0
61.859,6.0
49.484,6.0
40.506,5.0
46.741,6.0
89.903,5.0
63.551,1.0
104.527,3.0
52.458,3.0
78.189,4.0
0.155,0.0
84.742,2.0
105.886,3.0
90.566,3.0
100.424,6.0
51.996,5.0
79.383,6.0
55.499,8.0
53.873,6.0
100.797,8.0
60.356,4.0
40.732,4.0
89.368,4.0
101.914,5.0
82.428,6.0
45.143,5.0
67.843,9.0
57.911,5.0
44.915,6.0
52.464,3.0
67.273,6.0
77.036,2.0
60.801,8.0
56.356,9.0
93.455,2.0
53.035,6.0
108.866,6.0
86.488,8.0
73.013,7.0
65.296,3.0
40.798,4.0
45.068,7.0
102.616,8.0
74.984,7.0
78.353,3.0
64.516,9.0
52.713,1.0
80.538,3.0
102.219,4.0
56.848,5.0
53.639,4.0
69.778,4.0
94.011,6.0
77.684,7.0
116.225,3.0
111.145,8.0
72.951,6.0
65.887,8.0
85.741,5.0
40.545,6.0
83.991,3.0
81.505,3.0
101.929,7.0
113.670,6.0
116.232,5.0
115.999,4.0
76.330,9.0
67.682,4.0
77.413,1.0
70.525,5.0
88.571,5.0
97.742,7.0
95.845,8.0
111.495,6.0
91.993,3.0
76.199,5.0
71.045,7.0
103.704,5.0
63.635,4.0
63.296,8.0
41.398,5.0
62.907,6.0
94.497,7.0
84.213,6.0
46.459,5.0
94.927,7.0
48.825,8.0
64.227,3.0
88.710,2.0
46.703,7.0
80.346,2.0
52.323,4.0
82.539,5.0
41.741,7.0
59.816,5.0
58.050,6.0
105.394,6.0
45.059,7.0
104.036,3.0
116.946,7.0
40.342,4.0
108.691,4.0
51.151,3.0
81.312,4.0
66.276,5.0
40.864,5.0
91.525,7.0
116.965,6.0
100.089,7.0
91.539,6.0
53.363,5.0
105.904,8.0
41.089,3.0
42.200,3.0
84.550,7.0
49.810,7.0
58.617,6.0
92.933,8.0
59.117,3.0
96.749,4.0
84.794,2.0
109.240,7.0
91.770,2.0
103.177,5.0
104.179,2.0
75.668,2.0
48.839,3.0
40.649,6.0
112.309,4.0
79.268,6.0
80.786,2.0
78.324,5.0
90.905,5.0
101.191,6.0
110.135,2.0
100.031,9.0
64.763,3.0
50.852,6.0
89.358,5.0
105.471,1.0
87.033,5.0
88.065,9.0
77.796,1.0
112.930,8.0
60.316,7.0
61.552,7.0
82.254,9.0
71.040,7.0
81.648,4.0
57.409,7.0
66.448,4.0
63.819,6.0
95.377,4.0
93.203,7.0
116.853,7.0
102.443,8.0
102.639,7.0
115.628,8.0
117.031,8.0
68.692,3.0
90.846,7.0
45.967,6.0
71.696,4.0
50.463,3.0
47.830,4.0
63.668,3.0
-5.439,0.0
47.672,6.0
87.006,4.0
48.976,6.0
54.525,8.0
76.805,5.0
46.449,7.0
80.103,6.0
101.057,8.0
81.204,3.0
87.982,7.0
105.291,3.0
82.532,3.0
108.204,4.0
69.647,5.0
83.826,7.0
99.279,5.0
86.069,4.0
98.728,8.0
45.760,7.0
74.211,9.0
118.351,5.0
101.062,6.0
46.040,4.0
53.365,4.0
88.296,8.0
64.243,9.0
71.676,3.0
51.318,4.0
67.757,5.0
49.080,5.0
86.138,3.0
68.677,8.0
75.707,9.0
94.511,5.0
43.873,4.0
111.510,5.0
90.196,7.0
49.621,3.0
116.402,5.0
74.149,5.0
64.431,7.0
41.926,6.0
85.283,8.0
103.612,8.0
103.487,6.0
101.759,7.0
102.587,8.0
42.957,6.0
103.510,5.0
57.059,3.0
105.370,3.0
61.142,6.0
99.244,2.0
85.293,5.0
105.002,6.0
51.884,8.0
106.400,1.0
51.267,3.0
78.791,4.0
108.348,5.0
94.940,7.0
64.775,7.0
75.318,1.0
60.647,7.0
81.401,9.0
112.116,8.0
117.925,9.0
48.963,7.0
103.559,4.0
90.846,6.0
74.292,4.0
49.886,10.0
44.922,7.0
93.540,9.0
77.468,3.0
89.078,6.0
106.539,3.0
51.247,2.0
105.977,6.0
41.906,2.0
111.278,7.0
84.395,6.0
68.760,2.0
99.299,6.0
106.000,3.0
51.050,9.0
119.310,4.0
53.739,6.0
55.412,1.0
115.870,7.0
48.670,5.0
117.115,6.0
42.215,4.0
46.304,6.0
118.189,2.0
81.680,7.0
44.519,3.0
44.339,4.0
104.122,9.0
104.146,6.0
112.560,7.0
44.879,5.0
58.046,8.0
-4.424,0.0
59.741,7.0
53.669,4.0
95.722,8.0
68.529,9.0
119.386,4.0
83.849,7.0
72.751,5.0
49.664,5.0
41.746,7.0
98.552,7.0
104.159,3.0
51.039,6.0
113.280,3.0
97.327,6.0
91.617,2.0
72.231,4.0
108.602,9.0
61.588,5.0
66.348,4.0
70.057,8.0
-1.328,0.0
74.474,3.0
84.007,8.0
83.214,4.0
102.594,8.0
91.192,6.0
41.929,4.0
75.637,6.0
108.565,6.0
116.219,6.0
119.882,5.0
103.648,5.0
69.648,8.0
75.529,3.0
121.257,8.0
94.399,5.0
77.879,6.0
69.354,9.0
75.100,5.0
112.769,2.0
56.533,8.0
92.702,4.0
73.477,5.0
68.202,7.0
69.617,6.0
114.691,7.0
100.831,8.0
89.472,7.0
43.805,8.0
71.810,8.0
108.378,2.0
80.201,9.0
51.815,7.0
91.176,8.0
92.226,4.0
57.043,6.0
66.621,3.0
45.954,10.0
96.292,7.0
55.150,6.0
73.582,3.0
117.596,6.0
72.327,9.0
85.522,2.0
118.653,4.0
112.189,0.0
52.821,8.0
101.355,6.0
99.821,6.0
72.236,9.0
69.855,3.0
44.407,9.0
119.582,4.0
87.822,5.0
80.836,5.0
73.307,2.0
85.140,8.0
83.615,5.0
93.165,9.0
98.202,8.0
95.923,9.0
90.791,7.0
90.292,6.0
80.716,9.0
85.008,6.0
61.277,5.0
98.073,7.0
115.682,4.0
90.516,2.0
111.632,3.0
60.856,5.0
110.377,9.0
116.899,4.0
74.138,4.0
75.714,7.0
49.240,3.0
-3.011,0.0
58.248,4.0
43.936,5.0
59.703,7.0
94.669,8.0
45.691,1.0
104.882,9.0
73.079,5.0
90.366,8.0
115.911,5.0
123.004,1.0
47.365,4.0
76.342,2.0
104.250,3.0
75.763,5.0
92.445,4.0
63.866,5.0
83.957,3.0
102.133,7.0
-4.939,0.0
105.021,6.0
123.436,7.0
99.022,3.0
49.226,3.0
92.096,5.0
81.275,8.0
101.679,5.0
122.489,8.0
88.750,4.0
115.403,3.0
107.165,3.0
71.720,8.0
78.352,6.0
81.193,4.0
69.483,2.0
111.466,8.0
126.656,8.0
49.657,2.0
103.631,8.0
92.905,3.0
75.267,8.0
118.249,10.0
56.606,2.0
94.497,4.0
98.483,8.0
65.816,9.0
57.040,2.0
117.106,3.0
97.513,4.0
126.833,8.0
103.893,5.0
91.789,10.0
85.822,2.0
47.866,3.0
87.249,10.0
80.647,7.0
88.733,3.0
93.023,7.0
123.270,5.0
61.521,6.0
84.958,6.0
109.401,9.0
96.513,8.0
58.461,6.0
82.190,7.0
71.118,6.0
58.039,7.0
122.947,1.0
70.262,7.0
52.373,5.0
87.188,9.0
96.264,5.0
127.672,8.0
80.363,2.0
87.331,3.0
94.715,6.0
62.433,2.0
83.534,5.0
72.744,3.0
104.565,7.0
104.029,5.0
106.779,2.0
127.673,3.0
101.835,8.0
116.970,10.0
115.812,6.0
44.904,4.0
76.645,9.0
118.918,7.0
59.103,7.0
81.439,2.0
103.560,8.0
96.684,5.0
72.106,7.0
49.316,2.0
76.792,3.0
105.528,2.0
78.809,4.0
56.630,4.0
106.357,8.0
102.913,3.0
125.248,6.0
88.513,3.0
129.405,1.0
90.784,3.0
78.251,4.0
109.708,5.0
49.361,8.0
60.180,9.0
85.013,7.0
93.915,2.0
89.614,3.0
117.956,3.0
125.623,2.0
128.632,9.0
109.326,9.0
91.964,6.0
85.434,5.0
53.107,6.0
46.555,8.0
109.177,7.0
57.723,9.0
59.834,3.0
96.818,4.0
96.216,6.0
88.117,5.0
69.897,2.0
88.313,6.0
84.312,6.0
116.022,4.0
82.978,4.0
106.799,7.0
94.044,7.0
123.484,3.0
65.234,7.0
72.647,9.0
126.054,6.0
78.250,3.0
124.729,6.0
78.543,3.0
85.186,7.0
86.585,3.0
86.547,5.0
74.093,9.0
99.401,2.0
98.288,6.0
113.072,7.0
52.189,7.0
111.344,3.0
85.424,2.0
54.278,8.0
58.228,5.0
64.823,8.0
89.004,3.0
71.294,3.0
72.538,8.0
81.433,3.0
125.618,3.0
102.919,7.0
114.451,9.0
71.515,7.0
73.626,8.0
124.225,5.0
107.884,4.0
111.679,2.0
125.265,8.0
80.445,6.0
123.765,4.0
49.263,10.0
44.959,3.0
70.315,6.0
46.831,5.0
83.471,9.0
125.916,6.0
124.578,10.0
79.365,7.0
71.499,2.0
67.585,9.0
69.152,6.0
79.522,5.0
126.053,10.0
72.348,5.0
85.656,6.0
70.331,2.0
132.998,4.0
54.993,7.0
131.415,2.0
113.693,8.0
115.605,7.0
59.739,3.0
87.583,5.0
76.580,5.0
115.057,9.0
90.216,10.0
64.255,5.0
119.455,9.0
56.609,2.0
87.105,4.0
72.098,8.0
69.764,7.0
70.286,2.0
71.954,7.0
120.313,6.0
51.083,2.0
96.804,5.0
85.474,8.0
84.797,9.0
97.200,6.0
63.030,5.0
101.625,4.0
76.713,7.0
96.146,6.0
69.622,5.0
96.830,3.0
125.136,3.0
56.091,2.0
122.790,3.0
127.064,6.0
114.554,5.0
51.470,8.0
85.400,8.0
99.796,7.0
57.396,8.0
66.775,4.0
130.172,3.0
117.206,7.0
128.024,3.0
63.269,2.0
108.479,2.0
76.372,4.0
109.283,9.0
91.240,9.0
57.172,9.0
116.009,3.0
105.616,9.0
50.410,6.0
47.684,5.0
75.440,7.0
74.978,4.0
97.496,3.0
111.176,8.0
121.832,5.0
49.423,3.0
52.185,7.0
118.017,9.0
133.972,2.0
101.567,9.0
57.932,8.0
102.942,6.0
62.461,7.0
93.232,5.0
71.103,2.0
78.949,9.0
83.792,10.0
45.893,10.0
46.142,6.0
113.240,6.0
97.579,3.0
75.386,6.0
73.822,9.0
80.321,2.0
109.930,7.0
117.100,7.0
121.798,8.0
83.198,3.0
125.937,4.0
119.749,7.0
72.932,7.0
113.299,5.0
109.252,2.0
47.227,6.0
89.289,10.0
112.351,4.0
123.278,9.0
134.212,4.0
133.677,7.0
88.535,9.0
77.384,10.0
117.531,8.0
102.986,7.0
85.073,11.0
82.402,9.0
123.648,6.0
64.164,8.0
57.783,8.0
76.061,9.0
116.780,4.0
80.877,6.0
53.222,4.0
111.251,11.0
58.955,8.0
96.983,9.0
111.795,9.0
135.093,7.0
112.497,4.0
116.646,10.0
118.273,6.0
96.975,9.0
54.897,11.0
63.834,7.0
101.384,3.0
111.084,6.0
71.160,10.0
113.979,10.0
73.333,4.0
47.438,6.0
51.173,7.0
133.595,5.0
119.227,5.0
91.288,7.0
68.817,9.0
53.288,5.0
63.208,10.0
96.817,7.0
118.027,5.0
134.542,6.0
72.736,9.0
122.281,7.0
73.524,10.0
130.768,4.0
129.308,10.0
100.094,4.0
123.600,3.0
97.561,8.0
133.023,4.0
105.389,11.0
47.329,3.0
72.311,5.0
69.998,7.0
110.252,6.0
78.948,8.0
126.701,5.0
132.542,8.0
131.290,8.0
57.568,6.0
49.524,4.0
118.022,7.0
89.865,4.0
93.793,6.0
88.855,8.0
94.351,8.0
51.748,7.0
136.798,4.0
53.155,7.0
74.674,8.0
137.185,10.0
112.177,3.0
50.712,3.0
123.946,4.0
120.397,11.0
80.766,5.0
100.782,3.0
112.052,5.0
100.375,7.0
117.925,7.0
54.882,5.0
87.138,9.0
53.491,5.0
93.053,6.0
133.243,10.0
76.057,5.0
70.102,8.0
137.740,7.0
126.547,8.0
61.024,10.0
72.720,10.0
84.030,3.0
126.474,9.0
108.130,2.0
54.039,9.0
121.438,5.0
72.486,4.0
95.101,5.0
136.733,4.0
123.433,6.0
78.702,10.0
81.413,4.0
77.865,11.0
48.912,6.0
119.991,4.0
123.615,5.0
83.097,9.0
77.499,9.0
107.800,5.0
89.209,6.0
92.904,8.0
49.562,6.0
117.243,6.0
71.692,5.0
101.680,3.0
73.084,8.0
104.483,3.0
-6.236,0.0
50.236,4.0
109.955,4.0
106.204,7.0
49.392,6.0
132.210,10.0
60.567,2.0
63.452,6.0
77.952,3.0
104.163,7.0
104.532,6.0
74.980,9.0
114.130,10.0
79.439,3.0
96.006,3.0
56.276,8.0
48.876,8.0
88.907,10.0
135.966,6.0
95.429,9.0
69.820,4.0
59.657,3.0
101.646,8.0
107.823,3.0
51.805,8.0
121.074,3.0
87.268,4.0
49.072,5.0
74.733,8.0
94.428,8.0
76.885,11.0
108.154,9.0
70.808,9.0
88.380,5.0
101.011,8.0
60.519,6.0
52.938,6.0
104.958,2.0
57.424,6.0
58.150,7.0
69.548,0.0
63.275,9.0
106.270,5.0
58.686,5.0
99.200,11.0
100.828,6.0
94.798,3.0
58.556,4.0
56.273,6.0
48.442,7.0
59.757,6.0
106.941,5.0
128.207,10.0
108.902,4.0
74.742,3.0
128.529,6.0
48.731,7.0
118.216,7.0
122.219,9.0
104.842,7.0
120.415,3.0
90.273,11.0
125.885,6.0
53.660,11.0
130.964,6.0
97.665,2.0
64.768,3.0
48.457,3.0
67.953,7.0
132.755,9.0
95.792,5.0
91.930,6.0
121.147,5.0
122.810,3.0
129.895,3.0
73.871,4.0
55.025,5.0
117.232,4.0
56.587,6.0
137.585,8.0
89.837,4.0
62.193,3.0
52.871,4.0
79.941,6.0
96.905,8.0
86.113,4.0
61.920,6.0
109.681,10.0
142.113,9.0
120.709,8.0
106.765,8.0
64.021,9.0
138.001,8.0
133.499,10.0
84.904,5.0
122.312,3.0
95.306,4.0
57.187,7.0
138.764,7.0
99.251,4.0
74.588,8.0
93.903,8.0
73.107,8.0
135.420,7.0
108.261,10.0
60.290,8.0
57.794,11.0
139.079,7.0
126.100,9.0
114.083,6.0
132.491,11.0
91.494,7.0
76.445,9.0
143.360,7.0
50.094,3.0
110.113,5.0
58.989,10.0
57.036,4.0
60.430,4.0
122.153,7.0
99.229,10.0
90.427,5.0
90.766,9.0
51.070,6.0
137.188,10.0
100.224,11.0
111.142,3.0
105.958,7.0
100.435,3.0
138.693,8.0
64.764,4.0
59.825,4.0
125.298,2.0
140.157,9.0
62.285,9.0
92.577,7.0
86.685,4.0
99.400,5.0
110.961,2.0
0.870,0.0
69.698,7.0
115.744,5.0
57.839,6.0
104.332,4.0
83.032,9.0
108.204,6.0
108.975,6.0
141.465,3.0
64.446,5.0
128.806,7.0
98.835,9.0
134.824,9.0
62.663,4.0
112.116,5.0
53.102,6.0
68.627,5.0
119.301,3.0
72.868,5.0
122.698,4.0
140.026,5.0
62.758,7.0
82.296,4.0
113.523,9.0
100.017,8.0
103.798,11.0
85.227,9.0
120.377,7.0
125.696,3.0
79.437,9.0
50.480,9.0
136.021,3.0
97.228,8.0
78.340,9.0
104.229,8.0
94.762,4.0
107.506,11.0
134.300,9.0
128.142,2.0
63.231,7.0
71.835,8.0
129.919,9.0
130.632,6.0
113.727,6.0
67.932,5.0
60.806,9.0
88.992,8.0
74.650,6.0
137.819,5.0
119.095,11.0
58.181,6.0
131.229,3.0
94.921,3.0
65.637,7.0
142.316,7.0
104.272,9.0
137.178,6.0
107.157,4.0
50.998,3.0
69.274,6.0
124.029,8.0
87.738,11.0
72.368,3.0
-0.348,0.0
82.476,6.0
50.304,4.0
90.780,5.0
77.464,4.0
51.976,11.0
80.585,5.0
60.959,10.0
50.180,3.0
100.462,7.0
140.095,8.0
115.811,3.0
57.118,10.0
99.601,11.0
68.669,4.0
84.672,11.0
105.249,6.0
63.310,6.0
120.760,4.0
146.527,10.0
130.350,5.0
123.124,7.0
79.360,12.0
127.958,5.0
51.526,6.0
143.521,6.0
86.314,8.0
56.476,9.0
77.234,6.0
92.773,6.0
130.641,6.0
52.555,6.0
64.779,11.0
79.710,8.0
119.137,4.0
64.019,8.0
145.542,6.0
87.866,3.0
115.076,5.0
111.750,4.0
79.399,10.0
66.227,2.0
132.663,4.0
123.739,9.0
134.351,8.0
81.066,3.0
90.192,6.0
101.070,7.0
94.616,8.0
64.311,3.0
138.410,10.0
100.633,7.0
115.691,8.0
70.273,7.0
125.263,3.0
144.654,8.0
52.542,7.0
89.797,9.0
81.968,9.0
53.874,12.0
50.108,3.0
100.790,7.0
69.455,11.0
74.843,3.0
138.038,7.0
80.015,7.0
84.192,10.0
109.751,11.0
109.216,8.0
84.021,10.0
68.105,12.0
65.775,5.0
126.570,12.0
73.139,9.0
57.411,6.0
76.106,8.0
106.877,9.0
72.069,8.0
101.534,7.0
71.330,11.0
111.045,7.0
78.736,11.0
127.567,9.0
81.267,4.0
137.099,6.0
69.514,4.0
65.613,10.0
83.375,5.0
144.328,6.0
87.149,8.0
97.282,2.0
104.373,4.0
92.862,9.0
70.110,8.0
94.270,9.0
123.642,5.0
59.776,3.0
75.202,10.0
77.383,11.0
79.298,10.0
61.131,8.0
58.128,4.0
123.302,4.0
143.884,8.0
127.005,4.0
111.554,2.0
97.588,8.0
126.944,8.0
96.084,11.0
78.621,10.0
137.640,7.0
88.014,9.0
120.024,4.0
54.985,9.0
83.968,8.0
69.734,8.0
117.422,4.0
52.868,3.0
138.398,5.0
58.290,4.0
82.094,11.0
146.015,11.0
98.927,12.0
86.002,7.0
90.222,7.0
56.691,4.0
120.037,10.0
100.741,11.0
104.414,5.0
115.576,5.0
54.552,9.0
96.522,6.0
101.469,5.0
80.517,3.0
119.468,4.0
105.019,7.0
122.982,8.0
81.944,7.0
81.953,4.0
126.013,3.0
132.755,8.0
129.220,6.0
118.444,9.0
110.517,12.0
105.571,0.0
95.113,5.0
112.076,3.0
91.566,10.0
101.496,7.0
95.199,3.0
74.446,10.0
125.776,6.0
118.556,5.0
64.077,8.0
66.523,7.0
67.256,4.0
51.892,10.0
100.536,5.0
96.551,6.0
123.339,0.0
140.190,8.0
150.662,4.0
102.425,4.0
144.457,2.0
96.853,10.0
100.184,11.0
138.954,4.0
67.500,8.0
139.291,4.0
91.789,9.0
132.309,3.0
59.089,4.0
83.357,4.0
76.681,8.0
135.450,5.0
56.457,2.0
100.993,12.0
140.896,8.0
61.793,6.0
145.066,7.0
136.037,4.0
70.815,3.0
116.646,8.0
100.133,11.0
135.802,5.0
128.336,4.0
147.729,10.0
114.796,11.0
79.175,3.0
97.024,6.0
131.035,9.0
120.432,4.0
128.546,12.0
122.509,2.0
71.364,3.0
118.593,8.0
124.220,11.0
74.342,10.0
106.798,4.0
97.862,4.0
57.799,4.0
127.599,10.0
94.993,8.0
140.274,10.0
77.730,4.0
97.278,10.0
81.916,4.0
65.494,8.0
142.447,11.0
141.627,10.0
128.340,11.0
58.219,10.0
99.283,5.0
71.916,5.0
153.694,8.0
110.483,7.0
57.875,9.0
110.552,5.0
142.484,10.0
117.866,6.0
59.252,3.0
112.395,4.0
128.750,4.0
59.009,4.0
71.022,4.0
55.820,6.0
91.335,7.0
129.098,11.0
121.462,9.0
140.062,9.0
121.536,3.0
151.548,3.0
126.251,4.0
52.768,5.0
82.912,4.0
98.738,10.0
84.935,8.0
109.834,3.0
143.855,9.0
129.539,3.0
80.862,10.0
71.399,6.0
118.942,4.0
107.197,12.0
62.708,5.0
126.382,6.0
98.247,8.0
132.563,6.0
141.630,9.0
150.671,8.0
115.096,5.0
56.919,10.0
66.292,5.0
130.974,11.0
119.707,7.0
89.927,11.0
64.230,4.0
78.687,8.0
102.091,11.0
120.883,7.0
101.745,9.0
55.063,2.0
100.272,9.0
135.226,5.0
122.189,7.0
96.360,4.0
142.323,10.0
80.150,10.0
53.586,5.0
143.930,5.0
112.790,3.0
124.432,7.0
105.224,6.0
138.857,5.0
150.342,9.0
148.523,11.0
146.353,8.0
104.517,11.0
69.782,11.0
65.110,8.0
58.174,8.0
73.602,10.0
141.257,12.0
97.170,11.0
146.989,11.0
90.829,3.0
116.941,8.0
101.245,12.0
139.816,8.0
102.524,4.0
83.421,3.0
72.943,9.0
69.661,7.0
137.892,0.0
56.167,5.0
105.328,10.0
135.122,10.0
91.697,5.0
82.264,9.0
126.867,5.0
146.882,5.0
112.182,3.0
146.162,3.0
128.807,9.0
71.761,7.0
113.104,6.0
68.405,3.0
142.639,3.0
132.057,5.0
111.957,5.0
97.387,6.0
94.386,7.0
1.528,0.0
89.916,6.0
57.865,6.0
108.263,4.0
73.795,11.0
102.435,4.0
115.040,8.0
71.367,7.0
117.934,10.0
80.043,3.0
85.339,10.0
134.421,11.0
59.808,10.0
70.635,5.0
95.807,5.0
127.533,11.0
102.467,9.0
76.423,6.0
87.822,8.0
153.260,11.0
69.849,10.0
78.851,6.0
105.181,5.0
88.604,7.0
138.525,7.0
82.220,6.0
113.866,4.0
56.101,12.0
113.985,10.0
137.399,11.0
93.480,6.0
150.801,4.0
89.470,11.0
141.007,9.0
72.784,8.0
128.946,4.0
80.528,9.0
57.326,4.0
148.999,2.0
0.828,0.0
100.285,13.0
119.950,11.0
76.561,3.0
138.944,13.0
143.856,3.0
111.277,10.0
130.634,5.0
124.102,4.0
120.661,8.0
149.668,6.0
138.527,7.0
79.425,8.0
84.395,8.0
133.385,11.0
64.062,4.0
74.782,7.0
156.438,8.0
155.177,6.0
63.058,3.0
87.645,3.0
118.399,3.0
149.281,3.0
103.791,8.0
81.471,10.0
113.512,8.0
152.415,11.0
117.073,3.0
92.340,13.0
90.189,8.0
138.005,8.0
76.664,9.0
145.091,3.0
71.444,12.0
150.894,7.0
65.477,7.0
130.245,7.0
150.156,4.0
54.622,5.0
124.929,6.0
109.833,11.0
103.454,5.0
77.645,9.0
136.294,8.0
80.345,10.0
64.323,7.0
77.735,8.0
116.519,13.0
92.273,5.0
58.093,8.0
112.379,6.0
144.961,8.0
111.279,11.0
79.379,7.0
69.253,5.0
57.470,5.0
103.153,6.0
124.877,5.0
0.527,0.0
90.446,11.0
94.755,10.0
148.353,9.0
133.673,7.0
147.364,10.0
153.413,11.0
108.445,6.0
139.598,6.0
116.245,4.0
78.162,3.0
56.008,5.0
104.091,8.0
70.220,7.0
58.716,10.0
87.755,4.0
134.993,6.0
64.714,9.0
77.131,13.0
157.223,4.0
119.815,3.0
148.643,7.0
131.825,11.0
80.493,9.0
134.328,5.0
87.902,8.0
75.832,3.0
79.076,10.0
126.408,5.0
148.424,7.0
137.195,13.0
66.664,9.0
119.267,9.0
150.635,4.0
146.792,12.0
128.313,7.0
131.664,4.0
66.431,5.0
100.138,4.0
100.581,7.0
78.599,3.0
55.267,11.0
70.917,5.0
77.334,9.0
107.217,7.0
104.096,10.0
128.615,9.0
152.898,6.0
95.789,10.0
157.938,6.0
74.288,12.0
135.015,11.0
126.467,8.0
107.099,10.0
64.768,5.0
144.673,7.0
139.121,11.0
108.842,6.0
86.363,5.0
133.098,10.0
134.671,11.0
130.847,3.0
118.797,2.0
79.278,12.0
72.657,7.0
99.384,7.0
145.006,8.0
147.214,12.0
113.717,8.0
75.464,4.0
97.346,3.0
58.587,10.0
156.879,5.0
160.524,4.0
153.860,6.0
86.572,4.0
86.503,2.0
107.264,9.0
75.091,4.0
115.355,9.0
89.883,3.0
96.957,4.0
112.995,10.0
90.276,11.0
99.026,4.0
86.111,11.0
73.786,6.0
81.211,12.0
163.084,9.0
143.924,10.0
127.956,8.0
152.234,10.0
84.818,6.0
71.504,11.0
96.142,8.0
109.639,11.0
80.526,5.0
83.304,4.0
78.921,13.0
146.895,6.0
90.951,5.0
137.627,7.0
79.467,3.0
101.637,11.0
120.249,3.0
81.852,12.0
77.550,10.0
143.293,12.0
60.799,11.0
95.259,11.0
133.499,8.0
105.189,11.0
138.402,9.0
127.957,5.0
62.646,13.0
138.238,9.0
124.692,7.0
99.976,6.0
116.835,8.0
88.577,7.0
67.475,10.0
119.670,10.0
149.074,7.0
113.711,13.0
86.573,11.0
59.053,12.0
145.758,13.0
118.081,4.0
120.894,11.0
61.813,11.0
147.457,5.0
66.521,9.0
140.238,11.0
107.869,3.0
61.343,2.0
117.367,9.0
154.182,10.0
71.244,3.0
91.683,12.0
62.399,3.0
155.980,7.0
73.963,3.0
58.582,7.0
78.334,12.0
90.103,9.0
95.163,12.0
63.387,12.0
76.494,9.0
108.895,6.0
130.748,4.0
64.449,13.0
110.837,0.0
155.914,6.0
100.834,11.0
96.915,4.0
80.541,7.0
79.401,5.0
126.996,11.0
123.423,9.0
117.520,12.0
79.390,5.0
111.369,11.0
73.851,5.0
68.892,9.0
139.924,4.0
158.117,10.0
155.415,7.0
107.453,13.0
98.565,4.0
76.055,7.0
82.012,11.0
137.290,8.0
145.476,8.0
107.849,8.0
133.457,5.0
86.464,3.0
129.898,4.0
123.648,10.0
138.631,8.0
72.038,7.0
86.042,11.0
155.156,9.0
113.563,12.0
62.280,9.0
142.540,14.0
128.253,9.0
78.269,12.0
166.084,5.0
65.449,11.0
80.053,7.0
90.080,6.0
92.699,4.0
141.918,3.0
136.482,5.0
-1.335,0.0
68.097,3.0
130.874,5.0
116.893,7.0
115.375,6.0
72.172,9.0
163.296,10.0
141.586,7.0
65.819,8.0
165.248,2.0
78.287,8.0
128.571,13.0
-6.024,0.0
145.821,13.0
128.198,9.0
154.404,10.0
155.575,8.0
120.666,8.0
152.877,5.0
69.819,12.0
155.183,13.0
96.120,5.0
89.288,8.0
126.568,10.0
144.168,8.0
127.964,7.0
72.313,6.0
146.689,8.0
79.474,6.0
110.923,14.0
132.126,5.0
100.302,10.0
141.346,12.0
117.329,7.0
151.145,7.0
152.654,6.0
86.642,13.0
154.064,4.0
158.477,6.0
159.212,9.0
57.233,8.0
137.416,7.0
62.836,9.0
152.612,4.0
64.569,3.0
117.499,5.0
61.147,11.0
64.856,14.0
129.824,11.0
69.527,12.0
144.432,11.0
112.861,3.0
120.691,9.0
89.258,8.0
91.206,5.0
77.885,8.0
118.773,8.0
157.260,6.0
161.572,8.0
161.213,10.0
112.772,9.0
84.668,3.0
-0.399,0.0
157.503,13.0
107.972,9.0
147.702,12.0
115.324,5.0
154.830,12.0
110.454,3.0
86.793,4.0
125.035,4.0
122.375,12.0
73.715,6.0
78.507,6.0
99.435,6.0
128.250,6.0
125.178,12.0
134.771,11.0
77.649,8.0
119.462,12.0
97.793,10.0
161.540,11.0
117.968,10.0
166.263,6.0
164.094,9.0
110.522,11.0
146.813,7.0
128.257,9.0
144.562,8.0
129.582,7.0
155.080,13.0
85.057,4.0
147.591,4.0
78.997,9.0
135.145,5.0
153.595,9.0
88.555,8.0
161.133,10.0
92.625,3.0
123.369,12.0
127.784,4.0
154.765,3.0
155.507,5.0
127.717,9.0
155.162,11.0
-3.899,0.0
141.013,6.0
104.746,0.0
121.709,9.0
83.031,12.0
83.456,8.0
168.946,10.0
81.570,11.0
133.470,10.0
124.910,11.0
88.769,6.0
148.243,10.0
1.406,0.0
91.250,4.0
96.305,5.0
121.743,4.0
140.658,10.0
69.777,4.0
112.069,8.0
147.984,2.0
83.589,7.0
158.128,6.0
135.600,5.0
122.050,10.0
124.356,5.0
84.429,6.0
106.146,8.0
103.593,5.0
69.669,10.0
167.795,13.0
155.585,11.0
65.739,13.0
102.648,13.0
151.914,5.0
121.305,9.0
133.926,9.0
67.606,4.0
112.301,6.0
64.278,12.0
158.968,10.0
84.329,5.0
169.403,7.0
65.377,7.0
130.400,13.0
66.748,10.0
62.172,12.0
95.472,5.0
97.029,11.0
81.515,11.0
120.425,4.0
155.434,11.0
-4.348,0.0
115.089,7.0
77.739,6.0
67.715,5.0
137.751,5.0
110.423,6.0
65.784,13.0
133.950,5.0
82.954,7.0
133.254,12.0
83.896,5.0
76.174,4.0
109.349,12.0
120.362,7.0
170.816,4.0
83.589,13.0
125.264,5.0
99.859,4.0
134.898,3.0
163.004,9.0
103.133,6.0
118.206,2.0
69.473,12.0
121.060,7.0
121.992,9.0
88.612,6.0
62.681,4.0
95.373,13.0
101.372,13.0
160.215,10.0
98.091,8.0
95.669,6.0
151.278,9.0
139.823,5.0
163.971,9.0
166.292,7.0
150.318,5.0
135.724,7.0
104.482,12.0
125.081,5.0
148.644,10.0
0.255,0.0
122.256,10.0
85.427,5.0
129.037,7.0
100.695,8.0
91.654,11.0
131.639,8.0
157.693,3.0
67.137,9.0
154.101,11.0
109.538,11.0
130.473,8.0
135.809,11.0
64.607,5.0
91.182,11.0
82.852,11.0
133.114,3.0
69.845,13.0
110.967,3.0
144.606,13.0
78.948,4.0
59.817,8.0
155.612,11.0
87.777,11.0
102.832,10.0
154.041,6.0
155.363,9.0
65.519,11.0
149.829,13.0
95.679,10.0
62.376,11.0
168.698,10.0
139.092,2.0
168.091,13.0
101.701,3.0
81.395,11.0
135.111,5.0
150.736,11.0
101.063,3.0
169.330,10.0
76.190,3.0
161.894,10.0
170.189,9.0
154.192,9.0
159.947,5.0
170.823,7.0
66.499,5.0
156.806,10.0
104.042,6.0
143.575,4.0
103.175,13.0
114.603,6.0
113.352,6.0
106.350,7.0
132.673,7.0
170.965,13.0
82.345,9.0
0.161,0.0
72.428,7.0
74.874,8.0
85.623,5.0
140.602,13.0
87.451,12.0
119.945,5.0
148.484,6.0
81.605,12.0
148.392,4.0
142.570,12.0
138.494,5.0
-1.017,0.0
138.371,12.0
141.306,6.0
82.905,13.0
111.460,5.0
146.649,10.0
82.421,11.0
108.007,11.0
62.968,6.0
67.708,10.0
99.203,8.0
156.170,11.0
119.434,10.0
153.929,5.0
88.123,13.0
60.658,7.0
166.829,9.0
163.840,12.0
162.543,2.0
79.254,14.0
116.809,8.0
111.751,12.0
121.083,7.0
86.616,11.0
69.925,12.0
122.033,11.0
78.604,5.0
92.147,5.0
159.393,10.0
100.184,11.0
114.327,4.0
111.934,11.0
120.587,11.0
142.588,5.0
69.252,9.0
-3.067,0.0
100.130,8.0
164.120,12.0
161.964,6.0
126.939,11.0
151.273,11.0
137.482,9.0
150.196,11.0
77.068,9.0
132.362,11.0
76.827,7.0
91.908,10.0
0.603,0.0
104.717,12.0
133.731,10.0
160.785,5.0
164.586,3.0
134.063,11.0
133.482,6.0
89.619,9.0
84.014,9.0
64.615,8.0
131.056,10.0
100.712,5.0
140.955,10.0
148.841,8.0
96.936,8.0
163.173,4.0
148.064,0.0
71.352,5.0
135.493,9.0
70.619,6.0
155.399,10.0
62.603,8.0
169.032,3.0
138.193,13.0
129.292,12.0
107.227,14.0
172.882,12.0
96.808,7.0
132.114,3.0
176.949,8.0
124.608,13.0
170.867,9.0
88.494,10.0
151.642,3.0
144.760,3.0
157.844,4.0
153.618,10.0
72.470,4.0
123.877,13.0
-0.357,0.0
103.860,7.0
124.550,7.0
102.185,13.0
158.928,12.0
139.408,7.0
64.572,8.0
168.305,9.0
164.837,7.0
89.800,12.0
-2.629,0.0
159.569,4.0
147.188,5.0
92.623,12.0
107.403,13.0
141.094,10.0
66.760,5.0
71.392,8.0
104.333,10.0
79.103,6.0
168.810,9.0
87.814,11.0
108.773,9.0
106.556,11.0
172.538,5.0
150.212,7.0
135.058,13.0
84.757,6.0
154.715,7.0
81.072,10.0
62.875,14.0
114.602,7.0
179.513,10.0
98.644,4.0
172.558,14.0
75.643,8.0
164.516,3.0
122.891,9.0
124.084,7.0
130.458,8.0
143.231,6.0
142.760,12.0
163.145,8.0
109.982,6.0
80.727,11.0
138.241,12.0
178.209,11.0
161.190,14.0
79.954,13.0
76.158,9.0
111.947,15.0
111.063,8.0
65.990,9.0
113.013,6.0
116.956,6.0
-4.517,0.0
122.056,14.0
106.582,10.0
85.976,4.0
158.068,13.0
126.060,5.0
97.930,10.0
119.203,12.0
65.600,12.0
92.786,5.0
73.987,5.0
132.764,11.0
139.884,5.0
146.527,10.0
77.806,5.0
118.189,7.0
152.101,8.0
150.943,6.0
168.435,15.0
127.752,14.0
144.812,9.0
69.405,11.0
107.636,11.0
155.196,9.0
158.819,9.0
158.453,5.0
117.185,9.0
134.183,13.0
177.353,4.0
87.694,7.0
84.251,14.0
111.105,7.0
148.147,14.0
169.440,7.0
138.703,13.0
140.936,4.0
148.279,7.0
86.549,9.0
105.522,10.0
107.831,10.0
126.753,13.0
92.736,13.0
172.803,8.0
88.252,6.0
177.583,5.0
93.910,11.0
168.990,3.0
174.063,7.0
149.274,9.0
61.954,9.0
64.899,11.0
165.895,5.0
83.166,11.0
0.448,0.0
125.847,14.0
137.341,13.0
75.998,15.0
93.431,10.0
145.853,13.0
130.379,13.0
104.936,10.0
82.439,9.0
131.329,13.0
158.775,9.0
62.125,7.0
93.324,10.0
68.270,9.0
77.519,5.0
145.352,11.0
141.903,13.0
178.053,4.0
118.943,8.0
110.214,3.0
164.243,13.0
77.987,6.0
120.627,16.0
164.939,6.0
177.475,8.0
128.537,3.0
131.754,4.0
144.618,14.0
145.540,10.0
147.425,6.0
95.388,6.0
177.382,11.0
96.360,12.0
75.350,4.0
78.431,4.0
111.214,5.0
127.153,8.0
110.629,5.0
62.157,8.0
119.716,4.0
66.951,5.0
167.604,8.0
148.372,6.0
79.704,14.0
81.519,7.0
118.713,12.0
67.884,11.0
98.957,10.0
-3.847,0.0
67.157,5.0
134.378,4.0
136.846,5.0
140.303,8.0
166.752,14.0
159.011,13.0
174.387,6.0
171.451,11.0
150.673,9.0
166.588,13.0
66.159,9.0
172.690,13.0
169.723,14.0
151.779,7.0
63.664,7.0
69.862,11.0
177.722,9.0
93.517,13.0
73.087,5.0
113.250,14.0
127.141,10.0
-2.847,0.0
84.004,5.0
63.042,6.0
112.638,7.0
143.955,7.0
0.201,0.0
173.080,15.0
128.466,7.0
65.276,15.0
63.580,8.0
65.699,3.0
124.224,9.0
73.697,6.0
182.083,10.0
91.972,7.0
178.233,3.0
69.238,5.0
161.272,4.0
164.581,13.0
148.502,13.0
83.105,12.0
168.406,8.0
170.979,14.0
171.218,7.0
166.046,14.0
114.931,10.0
164.521,7.0
84.383,8.0
130.068,8.0
90.361,5.0
93.952,7.0
172.847,14.0
129.894,14.0
133.229,9.0
69.286,15.0
79.060,7.0
178.515,9.0
101.326,11.0
166.255,3.0
156.101,10.0
120.938,7.0
71.330,10.0
165.597,8.0
174.478,12.0
134.937,10.0
-6.008,0.0
161.914,5.0
168.317,14.0
-1.450,0.0
76.077,4.0
138.763,6.0
168.908,15.0
73.244,6.0
81.036,7.0
172.154,10.0
175.399,14.0
182.565,13.0
159.783,5.0
90.639,7.0
102.564,9.0
126.900,5.0
153.182,10.0
102.623,5.0
172.595,8.0
148.947,13.0
130.873,4.0
136.843,11.0
63.881,4.0
167.456,7.0
69.520,12.0
94.922,11.0
147.752,12.0
116.549,5.0
75.566,8.0
107.638,7.0
122.566,7.0
93.729,6.0
130.922,9.0
128.597,14.0
182.502,6.0
77.528,10.0
131.534,11.0
110.725,7.0
65.164,4.0
132.929,9.0
63.521,11.0
142.474,8.0
67.061,15.0
135.339,13.0
98.709,9.0
143.706,5.0
101.200,8.0
138.501,5.0
150.797,7.0
147.164,6.0
126.958,6.0
89.169,5.0
134.516,8.0
139.508,15.0
94.671,7.0
79.355,13.0
94.148,12.0
118.228,13.0
125.740,5.0
71.766,4.0
83.490,15.0
106.015,13.0
170.616,4.0
101.865,9.0
76.470,3.0
137.452,13.0
84.632,4.0
93.603,9.0
75.571,13.0
129.874,9.0
73.648,11.0
162.914,6.0
187.266,4.0
115.031,10.0
115.729,13.0
127.923,14.0
100.657,6.0
163.300,7.0
144.302,12.0
99.840,8.0
163.055,4.0
166.883,8.0
186.223,16.0
77.098,3.0
183.209,10.0
91.448,4.0
135.253,13.0
177.771,6.0
125.617,6.0
149.158,9.0
173.702,15.0
177.639,11.0
142.582,4.0
135.107,4.0
181.404,9.0
145.510,9.0
136.801,12.0
149.784,6.0
173.133,15.0
78.132,14.0
96.397,7.0
133.712,10.0
127.576,6.0
162.382,14.0
135.104,8.0
163.986,10.0
68.752,7.0
-0.351,0.0
69.701,12.0
185.946,12.0
101.311,6.0
170.590,5.0
125.137,0.0
111.939,6.0
148.012,10.0
174.520,6.0
181.270,4.0
81.142,12.0
87.203,10.0
71.022,14.0
175.365,7.0
147.606,13.0
120.736,10.0
101.309,7.0
182.170,10.0
137.115,13.0
157.015,3.0
146.061,14.0
129.837,13.0
168.756,11.0
134.333,15.0
64.726,12.0
184.698,7.0
166.526,4.0
110.276,12.0
169.067,7.0
85.568,12.0
161.419,9.0
78.840,5.0
184.467,12.0
77.388,8.0
-2.360,0.0
119.711,12.0
96.942,6.0
163.919,4.0
138.664,11.0
152.217,15.0
100.000,5.0
123.692,8.0
122.409,15.0
97.509,7.0
163.864,4.0
162.864,6.0
170.502,13.0
181.029,15.0
104.475,14.0
99.102,11.0
65.146,14.0
73.535,8.0
122.606,13.0
131.978,12.0
81.766,7.0
148.302,6.0
85.694,12.0
120.116,10.0
184.792,7.0
156.567,15.0
183.236,8.0
121.171,9.0
-2.171,0.0
86.260,3.0
154.154,10.0
161.360,15.0
87.526,7.0
185.424,12.0
104.102,12.0
109.426,15.0
128.413,4.0
139.878,12.0
-3.024,0.0
116.696,4.0
143.706,9.0
191.546,13.0
178.985,12.0
72.011,4.0
73.201,14.0
137.186,7.0
134.977,4.0
69.157,9.0
166.335,8.0
143.009,11.0
69.483,6.0
103.204,15.0
86.370,8.0
82.365,5.0
110.503,12.0
132.615,6.0
173.038,3.0
176.590,16.0
137.395,6.0
89.050,14.0
170.818,7.0
145.604,13.0
95.350,13.0
133.824,6.0
174.156,13.0
166.192,14.0
143.692,5.0
67.316,13.0
106.600,14.0
92.317,9.0
157.490,8.0
187.402,14.0
165.578,12.0
178.593,9.0
130.476,15.0
123.261,14.0
175.537,10.0
161.746,8.0
104.209,5.0
187.524,9.0
164.531,4.0
190.584,6.0
129.697,5.0
122.923,6.0
148.033,6.0
136.917,11.0
166.294,8.0
165.752,12.0
130.548,11.0
75.680,7.0
104.542,6.0
156.291,13.0
144.944,10.0
178.643,6.0
151.526,14.0
87.675,14.0
75.508,14.0
102.069,14.0
157.806,12.0
123.454,6.0
110.575,15.0
165.405,4.0
161.726,11.0
176.834,10.0
112.793,6.0
112.311,9.0
126.898,14.0
104.228,9.0
101.769,10.0
144.998,12.0
125.540,15.0
127.517,7.0
189.348,4.0
156.110,4.0
67.270,13.0
105.745,9.0
188.731,3.0
163.307,6.0
67.486,14.0
144.969,14.0
128.210,13.0
143.988,5.0
172.620,7.0
136.556,15.0
170.065,15.0
86.221,11.0
179.143,8.0
85.022,6.0
176.120,4.0
134.965,6.0
162.558,10.0
131.268,12.0
179.013,13.0
91.807,13.0
164.988,6.0
139.015,11.0
136.746,9.0
185.595,7.0
110.580,13.0
91.723,7.0
176.752,7.0
157.079,4.0
164.432,15.0
102.775,5.0
91.698,14.0
165.092,13.0
108.560,8.0
183.010,14.0
76.342,7.0
73.165,11.0
153.301,10.0
171.244,16.0
162.368,15.0
174.526,9.0
0.157,0.0
69.263,14.0
75.221,4.0
131.092,15.0
72.319,16.0
96.355,12.0
178.678,10.0
77.905,15.0
130.115,14.0
79.565,12.0
102.435,10.0
112.801,13.0
80.887,13.0
72.277,9.0
93.925,12.0
113.162,5.0
192.422,14.0
125.296,5.0
70.130,3.0
92.718,9.0
188.122,11.0
178.740,15.0
111.850,11.0
92.244,12.0
97.691,6.0
165.093,7.0
124.524,13.0
152.888,9.0
139.051,4.0
109.426,15.0
104.717,12.0
90.185,8.0
162.181,4.0
192.254,16.0
189.720,9.0
139.855,4.0
98.905,12.0
160.950,16.0
162.229,16.0
197.412,15.0
113.361,13.0
90.772,6.0
89.190,15.0
81.066,15.0
133.275,5.0
81.723,15.0
116.895,5.0
138.394,10.0
184.280,11.0
197.684,10.0
141.695,13.0
178.394,12.0
132.119,15.0
159.458,12.0
185.289,10.0
97.550,10.0
77.206,14.0
145.008,10.0
189.829,9.0
138.992,5.0
136.649,11.0
68.312,8.0
164.977,14.0
79.924,13.0
129.407,9.0
155.254,12.0
168.425,8.0
192.016,12.0
185.858,7.0
179.132,10.0
98.404,8.0
197.294,7.0
143.497,4.0
174.113,7.0
162.420,14.0
74.898,10.0
76.393,6.0
76.433,15.0
115.167,4.0
179.188,3.0
108.532,4.0
95.775,16.0
113.954,15.0
160.466,7.0
144.354,15.0
151.823,8.0
131.457,5.0
85.936,7.0
190.521,15.0
166.452,7.0
122.375,7.0
124.077,10.0
103.889,4.0
93.579,16.0
127.296,9.0
150.574,10.0
89.915,4.0
155.954,9.0
169.622,10.0
91.118,6.0
99.718,12.0
92.360,9.0
188.871,13.0
73.707,3.0
159.131,3.0
81.164,8.0
149.537,5.0
158.365,6.0
169.799,11.0
196.988,3.0
198.259,4.0
176.731,12.0
160.583,13.0
173.580,4.0
173.035,5.0
132.274,13.0
125.489,5.0
72.704,5.0
87.930,12.0
90.516,4.0
180.593,5.0
110.482,10.0
77.370,5.0
142.094,5.0
133.928,9.0
82.819,3.0
79.669,16.0
198.619,12.0
117.011,10.0
111.046,6.0
150.819,7.0
74.549,0.0
77.851,4.0
198.848,9.0
90.330,9.0
196.125,11.0
129.163,14.0
154.305,13.0
76.667,12.0
128.614,5.0
69.714,12.0
121.081,13.0
142.448,15.0
192.689,14.0
186.711,4.0
126.265,5.0
85.865,4.0
161.826,10.0
119.195,0.0
184.857,17.0
89.956,11.0
88.814,9.0
124.479,10.0
183.997,8.0
184.128,14.0
126.316,8.0
155.598,5.0
160.698,15.0
108.901,12.0
109.267,11.0
177.197,16.0
158.313,14.0
145.746,4.0
87.922,5.0
115.377,8.0
121.546,4.0
112.143,8.0
189.996,14.0
123.842,6.0
166.803,5.0
152.446,6.0
99.147,10.0
150.187,9.0
165.993,0.0
124.415,13.0
133.463,6.0
152.686,7.0
128.036,8.0
92.088,15.0
198.868,14.0
79.324,11.0
182.669,16.0
85.341,5.0
171.611,9.0
160.523,16.0
100.827,7.0
108.727,10.0
84.869,16.0
197.008,10.0
179.093,11.0
179.608,7.0
128.076,14.0
141.077,10.0
104.778,5.0
135.516,15.0
135.807,8.0
92.819,5.0
84.876,10.0
80.460,16.0
201.501,15.0
123.875,6.0
169.149,9.0
168.615,3.0
142.563,5.0
123.771,13.0
158.280,13.0
167.067,7.0
108.848,9.0
75.659,9.0
138.401,13.0
111.087,5.0
200.380,15.0
194.047,6.0
111.871,6.0
187.459,15.0
96.349,14.0
90.439,15.0
72.167,14.0
200.467,15.0
120.999,7.0
78.589,14.0
143.326,9.0
130.589,6.0
103.772,9.0
129.356,9.0
167.153,7.0
102.314,9.0
95.649,17.0
118.662,4.0
102.541,7.0
199.615,7.0
150.786,15.0
171.317,16.0
149.087,12.0
175.680,16.0
92.113,7.0
148.965,12.0
128.617,10.0
174.496,13.0
175.609,5.0
203.147,13.0
120.315,14.0
189.534,9.0
148.047,10.0
84.048,14.0
69.380,6.0
86.822,5.0
185.534,7.0
139.679,13.0
184.990,17.0
176.388,14.0
128.478,12.0
118.677,7.0
118.119,9.0
169.338,16.0
198.181,10.0
149.791,10.0
123.894,10.0
143.333,10.0
143.866,9.0
153.513,7.0
120.473,10.0
136.088,12.0
160.282,11.0
111.141,10.0
153.181,16.0
185.077,16.0
69.282,13.0
136.814,17.0
196.317,5.0
0.090,0.0
99.596,16.0
140.209,13.0
175.796,5.0
99.028,5.0
95.644,9.0
182.629,8.0
171.171,7.0
185.815,17.0
102.901,9.0
119.624,5.0
201.137,15.0
104.462,16.0
165.870,13.0
171.828,16.0
93.726,7.0
114.751,6.0
147.695,17.0
126.453,3.0
179.716,8.0
185.200,4.0
131.635,14.0
122.086,14.0
91.736,3.0
98.682,8.0
135.678,10.0
183.691,10.0
193.484,11.0
182.980,6.0
179.063,7.0
136.553,17.0
150.889,11.0
112.983,12.0
110.963,13.0
-4.824,0.0
95.050,11.0
192.127,14.0
197.611,10.0
192.056,15.0
70.362,7.0
191.870,8.0
79.799,8.0
131.988,15.0
172.864,10.0
172.058,10.0
168.472,6.0
190.764,10.0
143.963,6.0
189.774,14.0
168.093,10.0
204.694,5.0
150.097,11.0
186.544,7.0
93.183,12.0
182.220,11.0
171.695,6.0
205.571,12.0
77.593,17.0
200.607,4.0
70.939,5.0
179.522,14.0
192.401,14.0
82.786,10.0
113.090,8.0
150.802,5.0
189.761,4.0
193.344,15.0
137.480,15.0
94.526,17.0
122.303,14.0
78.330,15.0
123.132,8.0
201.184,11.0
83.689,13.0
104.022,17.0
95.256,7.0
134.272,8.0
83.825,10.0
95.319,10.0
182.347,13.0
186.146,17.0
78.196,10.0
133.653,11.0
77.198,3.0
158.232,16.0
87.707,10.0
159.767,15.0
191.979,4.0
136.409,16.0
169.533,7.0
169.173,12.0
200.453,13.0
152.291,3.0
194.369,9.0
142.739,14.0
126.017,17.0
186.446,8.0
137.890,4.0
140.070,13.0
205.050,17.0
92.781,3.0
136.857,9.0
80.891,11.0
97.546,10.0
131.297,8.0
82.090,9.0
133.636,16.0
160.603,17.0
110.216,13.0
103.016,9.0
186.137,14.0
106.460,10.0
73.437,8.0
132.945,12.0
207.358,13.0
73.089,15.0
162.019,7.0
188.263,13.0
120.744,13.0
172.885,12.0
80.254,13.0
158.224,13.0
167.126,16.0
85.023,8.0
101.876,7.0
73.796,13.0
85.160,6.0
145.310,10.0
166.783,5.0
174.195,13.0
128.855,17.0
181.662,5.0
130.651,13.0
127.801,7.0
206.312,8.0
104.780,7.0
203.841,13.0
164.061,16.0
